2019-10-10 16:29:08,397 [http-nio-8080-exec-10] INFO  c.h.i.controller.LoginController 79 - 登陆成功！ userName:E101157
2019-10-10 16:29:10,873 [http-nio-8080-exec-2] INFO  o.a.shiro.realm.AuthorizingRealm 248 - No cache or cacheManager properties have been set.  Authorization cache cannot be obtained.
2019-10-10 16:29:29,946 [http-nio-8080-exec-6] INFO  c.h.i.controller.ReportController 210 - =========T_KPIREPORT_HIS删除完成===============
2019-10-10 16:29:29,952 [http-nio-8080-exec-6] INFO  c.h.i.controller.ReportController 213 - =========T_KPIREPORT删除完成===============
2019-10-10 16:29:29,955 [http-nio-8080-exec-6] INFO  c.h.i.s.impl.AchievementsServiceImpl 42 - ===========start call to ZSIMM_004=============== 
2019-10-10 16:29:30,033 [http-nio-8080-exec-6] INFO  c.h.i.s.impl.AchievementsServiceImpl 53 - Success to call SAP to sync PO info. <ZSIMM_004><item><WERKS>1000</WERKS><MATNR>W1170002GW</MATNR><MAKTX>EPI P/P 8-12ohm 5um+/-0.1 No LTO GW</MAKTX><LGORT>GM01</LGORT><LGPBE></LGPBE><MEINS>PCS</MEINS><MATKL>M001</MATKL><WGBEZ>外延片 EPI Wafer</WGBEZ><ZQTY>28.000</ZQTY><ZPRICE>0.00</ZPRICE><WAERS>CNY</WAERS><REMAIN_LIFETIME>-81.000</REMAIN_LIFETIME><MHDHB>100</MHDHB></item><item><WERKS>1000</WERKS><MATNR>W1170002GW</MATNR><MAKTX>EPI P/P 8-12ohm 5um+/-0.1 No LTO GW</MAKTX><LGORT>GM01</LGORT><LGPBE></LGPBE><MEINS>PCS</MEINS><MATKL>M001</MATKL><WGBEZ>外延片 EPI Wafer</WGBEZ><ZQTY>2.000</ZQTY><ZPRICE>0.00</ZPRICE><WAERS>CNY</WAERS><REMAIN_LIFETIME>-81.000</REMAIN_LIFETIME><MHDHB>100</MHDHB></item><item><WERKS>1000</WERKS><MATNR>W1170002GW</MATNR><MAKTX>EPI P/P 8-12ohm 5um+/-0.1 No LTO GW</MAKTX><LGORT>R001</LGORT><LGPBE></LGPBE><MEINS>PCS</MEINS><MATKL>M001</MATKL><WGBEZ>外延片 EPI Wafer</WGBEZ><ZQTY>3.000</ZQTY><ZPRICE>0.00</ZPRICE><WAERS>CNY</WAERS><REMAIN_LIFETIME>-89.000</REMAIN_LIFETIME><MHDHB>100</MHDHB></item><item><WERKS>1000</WERKS><MATNR>W1170002GW</MATNR><MAKTX>EPI P/P 8-12ohm 5um+/-0.1 No LTO GW</MAKTX><LGORT>R001</LGORT><LGPBE></LGPBE><MEINS>PCS</MEINS><MATKL>M001</MATKL><WGBEZ>外延片 EPI Wafer</WGBEZ><ZQTY>3.000</ZQTY><ZPRICE>0.00</ZPRICE><WAERS>CNY</WAERS><REMAIN_LIFETIME>-89.000</REMAIN_LIFETIME><MHDHB>100</MHDHB></item></ZSIMM_004>
2019-10-10 16:29:30,033 [http-nio-8080-exec-6] INFO  c.h.i.s.impl.AchievementsServiceImpl 56 - table rows:4
2019-10-10 16:29:30,033 [http-nio-8080-exec-6] INFO  c.h.i.s.impl.AchievementsServiceImpl 93 - =========kpireport.size()======= 4
2019-10-10 16:29:30,048 [http-nio-8080-exec-6] INFO  c.h.i.s.impl.AchievementsServiceImpl 42 - ===========start call to ZSIMM_004=============== 
2019-10-10 16:29:30,080 [http-nio-8080-exec-6] INFO  c.h.i.s.impl.AchievementsServiceImpl 53 - Success to call SAP to sync PO info. <ZSIMM_004><item><WERKS>1000</WERKS><MATNR>W1170002GW</MATNR><MAKTX>EPI P/P 8-12ohm 5um+/-0.1 No LTO GW</MAKTX><LGORT>GM01</LGORT><LGPBE></LGPBE><MEINS>PCS</MEINS><MATKL>M001</MATKL><WGBEZ>外延片 EPI Wafer</WGBEZ><ZQTY>28.000</ZQTY><ZPRICE>0.00</ZPRICE><WAERS>CNY</WAERS><REMAIN_LIFETIME>-81.000</REMAIN_LIFETIME><MHDHB>100</MHDHB></item><item><WERKS>1000</WERKS><MATNR>W1170002GW</MATNR><MAKTX>EPI P/P 8-12ohm 5um+/-0.1 No LTO GW</MAKTX><LGORT>GM01</LGORT><LGPBE></LGPBE><MEINS>PCS</MEINS><MATKL>M001</MATKL><WGBEZ>外延片 EPI Wafer</WGBEZ><ZQTY>2.000</ZQTY><ZPRICE>0.00</ZPRICE><WAERS>CNY</WAERS><REMAIN_LIFETIME>-81.000</REMAIN_LIFETIME><MHDHB>100</MHDHB></item><item><WERKS>1000</WERKS><MATNR>W1170002GW</MATNR><MAKTX>EPI P/P 8-12ohm 5um+/-0.1 No LTO GW</MAKTX><LGORT>R001</LGORT><LGPBE></LGPBE><MEINS>PCS</MEINS><MATKL>M001</MATKL><WGBEZ>外延片 EPI Wafer</WGBEZ><ZQTY>3.000</ZQTY><ZPRICE>0.00</ZPRICE><WAERS>CNY</WAERS><REMAIN_LIFETIME>-89.000</REMAIN_LIFETIME><MHDHB>100</MHDHB></item><item><WERKS>1000</WERKS><MATNR>W1170002GW</MATNR><MAKTX>EPI P/P 8-12ohm 5um+/-0.1 No LTO GW</MAKTX><LGORT>R001</LGORT><LGPBE></LGPBE><MEINS>PCS</MEINS><MATKL>M001</MATKL><WGBEZ>外延片 EPI Wafer</WGBEZ><ZQTY>3.000</ZQTY><ZPRICE>0.00</ZPRICE><WAERS>CNY</WAERS><REMAIN_LIFETIME>-89.000</REMAIN_LIFETIME><MHDHB>100</MHDHB></item></ZSIMM_004>
2019-10-10 16:29:30,080 [http-nio-8080-exec-6] INFO  c.h.i.s.impl.AchievementsServiceImpl 56 - table rows:4
2019-10-10 16:29:30,080 [http-nio-8080-exec-6] INFO  c.h.i.s.impl.AchievementsServiceImpl 93 - =========kpireport.size()======= 4
2019-10-10 16:29:30,080 [http-nio-8080-exec-6] INFO  c.h.i.s.impl.AchievementsServiceImpl 42 - ===========start call to ZSIMM_004=============== 
2019-10-10 16:29:30,111 [http-nio-8080-exec-6] INFO  c.h.i.s.impl.AchievementsServiceImpl 53 - Success to call SAP to sync PO info. <ZSIMM_004><item><WERKS>1000</WERKS><MATNR>W1170002GW</MATNR><MAKTX>EPI P/P 8-12ohm 5um+/-0.1 No LTO GW</MAKTX><LGORT>GM01</LGORT><LGPBE></LGPBE><MEINS>PCS</MEINS><MATKL>M001</MATKL><WGBEZ>外延片 EPI Wafer</WGBEZ><ZQTY>28.000</ZQTY><ZPRICE>1.00</ZPRICE><WAERS>CNY</WAERS><REMAIN_LIFETIME>-81.000</REMAIN_LIFETIME><MHDHB>100</MHDHB></item><item><WERKS>1000</WERKS><MATNR>W1170002GW</MATNR><MAKTX>EPI P/P 8-12ohm 5um+/-0.1 No LTO GW</MAKTX><LGORT>GM01</LGORT><LGPBE></LGPBE><MEINS>PCS</MEINS><MATKL>M001</MATKL><WGBEZ>外延片 EPI Wafer</WGBEZ><ZQTY>2.000</ZQTY><ZPRICE>1.00</ZPRICE><WAERS>CNY</WAERS><REMAIN_LIFETIME>-81.000</REMAIN_LIFETIME><MHDHB>100</MHDHB></item><item><WERKS>1000</WERKS><MATNR>W1170002GW</MATNR><MAKTX>EPI P/P 8-12ohm 5um+/-0.1 No LTO GW</MAKTX><LGORT>R001</LGORT><LGPBE></LGPBE><MEINS>PCS</MEINS><MATKL>M001</MATKL><WGBEZ>外延片 EPI Wafer</WGBEZ><ZQTY>3.000</ZQTY><ZPRICE>1.00</ZPRICE><WAERS>CNY</WAERS><REMAIN_LIFETIME>-89.000</REMAIN_LIFETIME><MHDHB>100</MHDHB></item><item><WERKS>1000</WERKS><MATNR>W1170002GW</MATNR><MAKTX>EPI P/P 8-12ohm 5um+/-0.1 No LTO GW</MAKTX><LGORT>R001</LGORT><LGPBE></LGPBE><MEINS>PCS</MEINS><MATKL>M001</MATKL><WGBEZ>外延片 EPI Wafer</WGBEZ><ZQTY>3.000</ZQTY><ZPRICE>1.00</ZPRICE><WAERS>CNY</WAERS><REMAIN_LIFETIME>-89.000</REMAIN_LIFETIME><MHDHB>100</MHDHB></item></ZSIMM_004>
2019-10-10 16:29:30,111 [http-nio-8080-exec-6] INFO  c.h.i.s.impl.AchievementsServiceImpl 56 - table rows:4
2019-10-10 16:29:30,111 [http-nio-8080-exec-6] INFO  c.h.i.s.impl.AchievementsServiceImpl 93 - =========kpireport.size()======= 4
2019-10-10 16:29:30,126 [http-nio-8080-exec-6] INFO  c.h.i.s.impl.AchievementsServiceImpl 42 - ===========start call to ZSIMM_004=============== 
2019-10-10 16:29:30,142 [http-nio-8080-exec-6] INFO  c.h.i.s.impl.AchievementsServiceImpl 53 - Success to call SAP to sync PO info. <ZSIMM_004><item><WERKS>1000</WERKS><MATNR>W1170002GW</MATNR><MAKTX>EPI P/P 8-12ohm 5um+/-0.1 No LTO GW</MAKTX><LGORT>GM01</LGORT><LGPBE></LGPBE><MEINS>PCS</MEINS><MATKL>M001</MATKL><WGBEZ>外延片 EPI Wafer</WGBEZ><ZQTY>28.000</ZQTY><ZPRICE>1.00</ZPRICE><WAERS>CNY</WAERS><REMAIN_LIFETIME>-81.000</REMAIN_LIFETIME><MHDHB>100</MHDHB></item><item><WERKS>1000</WERKS><MATNR>W1170002GW</MATNR><MAKTX>EPI P/P 8-12ohm 5um+/-0.1 No LTO GW</MAKTX><LGORT>GM01</LGORT><LGPBE></LGPBE><MEINS>PCS</MEINS><MATKL>M001</MATKL><WGBEZ>外延片 EPI Wafer</WGBEZ><ZQTY>2.000</ZQTY><ZPRICE>1.00</ZPRICE><WAERS>CNY</WAERS><REMAIN_LIFETIME>-81.000</REMAIN_LIFETIME><MHDHB>100</MHDHB></item><item><WERKS>1000</WERKS><MATNR>W1170002GW</MATNR><MAKTX>EPI P/P 8-12ohm 5um+/-0.1 No LTO GW</MAKTX><LGORT>R001</LGORT><LGPBE></LGPBE><MEINS>PCS</MEINS><MATKL>M001</MATKL><WGBEZ>外延片 EPI Wafer</WGBEZ><ZQTY>3.000</ZQTY><ZPRICE>1.00</ZPRICE><WAERS>CNY</WAERS><REMAIN_LIFETIME>-89.000</REMAIN_LIFETIME><MHDHB>100</MHDHB></item><item><WERKS>1000</WERKS><MATNR>W1170002GW</MATNR><MAKTX>EPI P/P 8-12ohm 5um+/-0.1 No LTO GW</MAKTX><LGORT>R001</LGORT><LGPBE></LGPBE><MEINS>PCS</MEINS><MATKL>M001</MATKL><WGBEZ>外延片 EPI Wafer</WGBEZ><ZQTY>3.000</ZQTY><ZPRICE>1.00</ZPRICE><WAERS>CNY</WAERS><REMAIN_LIFETIME>-89.000</REMAIN_LIFETIME><MHDHB>100</MHDHB></item></ZSIMM_004>
2019-10-10 16:29:30,142 [http-nio-8080-exec-6] INFO  c.h.i.s.impl.AchievementsServiceImpl 56 - table rows:4
2019-10-10 16:29:30,142 [http-nio-8080-exec-6] INFO  c.h.i.s.impl.AchievementsServiceImpl 93 - =========kpireport.size()======= 4
2019-10-10 16:29:30,158 [http-nio-8080-exec-6] INFO  c.h.i.s.impl.AchievementsServiceImpl 42 - ===========start call to ZSIMM_004=============== 
2019-10-10 16:29:30,189 [http-nio-8080-exec-6] INFO  c.h.i.s.impl.AchievementsServiceImpl 53 - Success to call SAP to sync PO info. <ZSIMM_004><item><WERKS>1000</WERKS><MATNR>W1170002GW</MATNR><MAKTX>EPI P/P 8-12ohm 5um+/-0.1 No LTO GW</MAKTX><LGORT>GM01</LGORT><LGPBE></LGPBE><MEINS>PCS</MEINS><MATKL>M001</MATKL><WGBEZ>外延片 EPI Wafer</WGBEZ><ZQTY>28.000</ZQTY><ZPRICE>1.00</ZPRICE><WAERS>CNY</WAERS><REMAIN_LIFETIME>-81.000</REMAIN_LIFETIME><MHDHB>100</MHDHB></item><item><WERKS>1000</WERKS><MATNR>W1170002GW</MATNR><MAKTX>EPI P/P 8-12ohm 5um+/-0.1 No LTO GW</MAKTX><LGORT>GM01</LGORT><LGPBE></LGPBE><MEINS>PCS</MEINS><MATKL>M001</MATKL><WGBEZ>外延片 EPI Wafer</WGBEZ><ZQTY>2.000</ZQTY><ZPRICE>1.00</ZPRICE><WAERS>CNY</WAERS><REMAIN_LIFETIME>-81.000</REMAIN_LIFETIME><MHDHB>100</MHDHB></item><item><WERKS>1000</WERKS><MATNR>W1170002GW</MATNR><MAKTX>EPI P/P 8-12ohm 5um+/-0.1 No LTO GW</MAKTX><LGORT>R001</LGORT><LGPBE></LGPBE><MEINS>PCS</MEINS><MATKL>M001</MATKL><WGBEZ>外延片 EPI Wafer</WGBEZ><ZQTY>3.000</ZQTY><ZPRICE>1.00</ZPRICE><WAERS>CNY</WAERS><REMAIN_LIFETIME>-89.000</REMAIN_LIFETIME><MHDHB>100</MHDHB></item><item><WERKS>1000</WERKS><MATNR>W1170002GW</MATNR><MAKTX>EPI P/P 8-12ohm 5um+/-0.1 No LTO GW</MAKTX><LGORT>R001</LGORT><LGPBE></LGPBE><MEINS>PCS</MEINS><MATKL>M001</MATKL><WGBEZ>外延片 EPI Wafer</WGBEZ><ZQTY>3.000</ZQTY><ZPRICE>1.00</ZPRICE><WAERS>CNY</WAERS><REMAIN_LIFETIME>-89.000</REMAIN_LIFETIME><MHDHB>100</MHDHB></item></ZSIMM_004>
2019-10-10 16:29:30,189 [http-nio-8080-exec-6] INFO  c.h.i.s.impl.AchievementsServiceImpl 56 - table rows:4
2019-10-10 16:29:30,189 [http-nio-8080-exec-6] INFO  c.h.i.s.impl.AchievementsServiceImpl 93 - =========kpireport.size()======= 4
2019-10-10 16:29:30,189 [http-nio-8080-exec-6] INFO  c.h.i.s.impl.AchievementsServiceImpl 42 - ===========start call to ZSIMM_004=============== 
2019-10-10 16:29:30,220 [http-nio-8080-exec-6] INFO  c.h.i.s.impl.AchievementsServiceImpl 53 - Success to call SAP to sync PO info. <ZSIMM_004><item><WERKS>1000</WERKS><MATNR>W1170002GW</MATNR><MAKTX>EPI P/P 8-12ohm 5um+/-0.1 No LTO GW</MAKTX><LGORT>GM01</LGORT><LGPBE></LGPBE><MEINS>PCS</MEINS><MATKL>M001</MATKL><WGBEZ>外延片 EPI Wafer</WGBEZ><ZQTY>28.000</ZQTY><ZPRICE>1.00</ZPRICE><WAERS>CNY</WAERS><REMAIN_LIFETIME>-81.000</REMAIN_LIFETIME><MHDHB>100</MHDHB></item><item><WERKS>1000</WERKS><MATNR>W1170002GW</MATNR><MAKTX>EPI P/P 8-12ohm 5um+/-0.1 No LTO GW</MAKTX><LGORT>GM01</LGORT><LGPBE></LGPBE><MEINS>PCS</MEINS><MATKL>M001</MATKL><WGBEZ>外延片 EPI Wafer</WGBEZ><ZQTY>2.000</ZQTY><ZPRICE>1.00</ZPRICE><WAERS>CNY</WAERS><REMAIN_LIFETIME>-81.000</REMAIN_LIFETIME><MHDHB>100</MHDHB></item><item><WERKS>1000</WERKS><MATNR>W1170002GW</MATNR><MAKTX>EPI P/P 8-12ohm 5um+/-0.1 No LTO GW</MAKTX><LGORT>R001</LGORT><LGPBE></LGPBE><MEINS>PCS</MEINS><MATKL>M001</MATKL><WGBEZ>外延片 EPI Wafer</WGBEZ><ZQTY>3.000</ZQTY><ZPRICE>1.00</ZPRICE><WAERS>CNY</WAERS><REMAIN_LIFETIME>-89.000</REMAIN_LIFETIME><MHDHB>100</MHDHB></item><item><WERKS>1000</WERKS><MATNR>W1170002GW</MATNR><MAKTX>EPI P/P 8-12ohm 5um+/-0.1 No LTO GW</MAKTX><LGORT>R001</LGORT><LGPBE></LGPBE><MEINS>PCS</MEINS><MATKL>M001</MATKL><WGBEZ>外延片 EPI Wafer</WGBEZ><ZQTY>3.000</ZQTY><ZPRICE>1.00</ZPRICE><WAERS>CNY</WAERS><REMAIN_LIFETIME>-89.000</REMAIN_LIFETIME><MHDHB>100</MHDHB></item></ZSIMM_004>
2019-10-10 16:29:30,220 [http-nio-8080-exec-6] INFO  c.h.i.s.impl.AchievementsServiceImpl 56 - table rows:4
2019-10-10 16:29:30,220 [http-nio-8080-exec-6] INFO  c.h.i.s.impl.AchievementsServiceImpl 93 - =========kpireport.size()======= 4
2019-10-10 16:29:30,220 [http-nio-8080-exec-6] INFO  c.h.i.s.impl.AchievementsServiceImpl 42 - ===========start call to ZSIMM_004=============== 
2019-10-10 16:29:30,252 [http-nio-8080-exec-6] INFO  c.h.i.s.impl.AchievementsServiceImpl 53 - Success to call SAP to sync PO info. <ZSIMM_004><item><WERKS>1000</WERKS><MATNR>W1170002GW</MATNR><MAKTX>EPI P/P 8-12ohm 5um+/-0.1 No LTO GW</MAKTX><LGORT>GM01</LGORT><LGPBE></LGPBE><MEINS>PCS</MEINS><MATKL>M001</MATKL><WGBEZ>外延片 EPI Wafer</WGBEZ><ZQTY>28.000</ZQTY><ZPRICE>0.00</ZPRICE><WAERS>CNY</WAERS><REMAIN_LIFETIME>-81.000</REMAIN_LIFETIME><MHDHB>100</MHDHB></item><item><WERKS>1000</WERKS><MATNR>W1170002GW</MATNR><MAKTX>EPI P/P 8-12ohm 5um+/-0.1 No LTO GW</MAKTX><LGORT>GM01</LGORT><LGPBE></LGPBE><MEINS>PCS</MEINS><MATKL>M001</MATKL><WGBEZ>外延片 EPI Wafer</WGBEZ><ZQTY>2.000</ZQTY><ZPRICE>0.00</ZPRICE><WAERS>CNY</WAERS><REMAIN_LIFETIME>-81.000</REMAIN_LIFETIME><MHDHB>100</MHDHB></item><item><WERKS>1000</WERKS><MATNR>W1170002GW</MATNR><MAKTX>EPI P/P 8-12ohm 5um+/-0.1 No LTO GW</MAKTX><LGORT>R001</LGORT><LGPBE></LGPBE><MEINS>PCS</MEINS><MATKL>M001</MATKL><WGBEZ>外延片 EPI Wafer</WGBEZ><ZQTY>3.000</ZQTY><ZPRICE>0.00</ZPRICE><WAERS>CNY</WAERS><REMAIN_LIFETIME>-89.000</REMAIN_LIFETIME><MHDHB>100</MHDHB></item><item><WERKS>1000</WERKS><MATNR>W1170002GW</MATNR><MAKTX>EPI P/P 8-12ohm 5um+/-0.1 No LTO GW</MAKTX><LGORT>R001</LGORT><LGPBE></LGPBE><MEINS>PCS</MEINS><MATKL>M001</MATKL><WGBEZ>外延片 EPI Wafer</WGBEZ><ZQTY>3.000</ZQTY><ZPRICE>0.00</ZPRICE><WAERS>CNY</WAERS><REMAIN_LIFETIME>-89.000</REMAIN_LIFETIME><MHDHB>100</MHDHB></item></ZSIMM_004>
2019-10-10 16:29:30,252 [http-nio-8080-exec-6] INFO  c.h.i.s.impl.AchievementsServiceImpl 56 - table rows:4
2019-10-10 16:29:30,252 [http-nio-8080-exec-6] INFO  c.h.i.s.impl.AchievementsServiceImpl 93 - =========kpireport.size()======= 4
2019-10-10 16:29:30,267 [http-nio-8080-exec-6] INFO  c.h.i.s.impl.AchievementsServiceImpl 42 - ===========start call to ZSIMM_004=============== 
2019-10-10 16:29:30,283 [http-nio-8080-exec-6] INFO  c.h.i.s.impl.AchievementsServiceImpl 53 - Success to call SAP to sync PO info. <ZSIMM_004><item><WERKS>1000</WERKS><MATNR>W1170002GW</MATNR><MAKTX>EPI P/P 8-12ohm 5um+/-0.1 No LTO GW</MAKTX><LGORT>GM01</LGORT><LGPBE></LGPBE><MEINS>PCS</MEINS><MATKL>M001</MATKL><WGBEZ>外延片 EPI Wafer</WGBEZ><ZQTY>28.000</ZQTY><ZPRICE>0.00</ZPRICE><WAERS>CNY</WAERS><REMAIN_LIFETIME>-81.000</REMAIN_LIFETIME><MHDHB>100</MHDHB></item><item><WERKS>1000</WERKS><MATNR>W1170002GW</MATNR><MAKTX>EPI P/P 8-12ohm 5um+/-0.1 No LTO GW</MAKTX><LGORT>GM01</LGORT><LGPBE></LGPBE><MEINS>PCS</MEINS><MATKL>M001</MATKL><WGBEZ>外延片 EPI Wafer</WGBEZ><ZQTY>2.000</ZQTY><ZPRICE>0.00</ZPRICE><WAERS>CNY</WAERS><REMAIN_LIFETIME>-81.000</REMAIN_LIFETIME><MHDHB>100</MHDHB></item><item><WERKS>1000</WERKS><MATNR>W1170002GW</MATNR><MAKTX>EPI P/P 8-12ohm 5um+/-0.1 No LTO GW</MAKTX><LGORT>R001</LGORT><LGPBE></LGPBE><MEINS>PCS</MEINS><MATKL>M001</MATKL><WGBEZ>外延片 EPI Wafer</WGBEZ><ZQTY>3.000</ZQTY><ZPRICE>0.00</ZPRICE><WAERS>CNY</WAERS><REMAIN_LIFETIME>-89.000</REMAIN_LIFETIME><MHDHB>100</MHDHB></item><item><WERKS>1000</WERKS><MATNR>W1170002GW</MATNR><MAKTX>EPI P/P 8-12ohm 5um+/-0.1 No LTO GW</MAKTX><LGORT>R001</LGORT><LGPBE></LGPBE><MEINS>PCS</MEINS><MATKL>M001</MATKL><WGBEZ>外延片 EPI Wafer</WGBEZ><ZQTY>3.000</ZQTY><ZPRICE>0.00</ZPRICE><WAERS>CNY</WAERS><REMAIN_LIFETIME>-89.000</REMAIN_LIFETIME><MHDHB>100</MHDHB></item></ZSIMM_004>
2019-10-10 16:29:30,298 [http-nio-8080-exec-6] INFO  c.h.i.s.impl.AchievementsServiceImpl 56 - table rows:4
2019-10-10 16:29:30,298 [http-nio-8080-exec-6] INFO  c.h.i.s.impl.AchievementsServiceImpl 93 - =========kpireport.size()======= 4
2019-10-10 16:29:30,298 [http-nio-8080-exec-6] INFO  c.h.i.s.impl.AchievementsServiceImpl 42 - ===========start call to ZSIMM_004=============== 
2019-10-10 16:29:30,330 [http-nio-8080-exec-6] INFO  c.h.i.s.impl.AchievementsServiceImpl 53 - Success to call SAP to sync PO info. <ZSIMM_004><item><WERKS>1000</WERKS><MATNR>W1170002GW</MATNR><MAKTX>EPI P/P 8-12ohm 5um+/-0.1 No LTO GW</MAKTX><LGORT>GM01</LGORT><LGPBE></LGPBE><MEINS>PCS</MEINS><MATKL>M001</MATKL><WGBEZ>外延片 EPI Wafer</WGBEZ><ZQTY>28.000</ZQTY><ZPRICE>0.00</ZPRICE><WAERS>CNY</WAERS><REMAIN_LIFETIME>-81.000</REMAIN_LIFETIME><MHDHB>100</MHDHB></item><item><WERKS>1000</WERKS><MATNR>W1170002GW</MATNR><MAKTX>EPI P/P 8-12ohm 5um+/-0.1 No LTO GW</MAKTX><LGORT>GM01</LGORT><LGPBE></LGPBE><MEINS>PCS</MEINS><MATKL>M001</MATKL><WGBEZ>外延片 EPI Wafer</WGBEZ><ZQTY>2.000</ZQTY><ZPRICE>0.00</ZPRICE><WAERS>CNY</WAERS><REMAIN_LIFETIME>-81.000</REMAIN_LIFETIME><MHDHB>100</MHDHB></item><item><WERKS>1000</WERKS><MATNR>W1170002GW</MATNR><MAKTX>EPI P/P 8-12ohm 5um+/-0.1 No LTO GW</MAKTX><LGORT>R001</LGORT><LGPBE></LGPBE><MEINS>PCS</MEINS><MATKL>M001</MATKL><WGBEZ>外延片 EPI Wafer</WGBEZ><ZQTY>3.000</ZQTY><ZPRICE>0.00</ZPRICE><WAERS>CNY</WAERS><REMAIN_LIFETIME>-89.000</REMAIN_LIFETIME><MHDHB>100</MHDHB></item><item><WERKS>1000</WERKS><MATNR>W1170002GW</MATNR><MAKTX>EPI P/P 8-12ohm 5um+/-0.1 No LTO GW</MAKTX><LGORT>R001</LGORT><LGPBE></LGPBE><MEINS>PCS</MEINS><MATKL>M001</MATKL><WGBEZ>外延片 EPI Wafer</WGBEZ><ZQTY>3.000</ZQTY><ZPRICE>0.00</ZPRICE><WAERS>CNY</WAERS><REMAIN_LIFETIME>-89.000</REMAIN_LIFETIME><MHDHB>100</MHDHB></item></ZSIMM_004>
2019-10-10 16:29:30,330 [http-nio-8080-exec-6] INFO  c.h.i.s.impl.AchievementsServiceImpl 56 - table rows:4
2019-10-10 16:29:30,330 [http-nio-8080-exec-6] INFO  c.h.i.s.impl.AchievementsServiceImpl 93 - =========kpireport.size()======= 4
2019-10-10 16:29:30,345 [http-nio-8080-exec-6] INFO  c.h.i.s.impl.AchievementsServiceImpl 42 - ===========start call to ZSIMM_004=============== 
2019-10-10 16:29:30,383 [http-nio-8080-exec-6] INFO  c.h.i.s.impl.AchievementsServiceImpl 53 - Success to call SAP to sync PO info. <ZSIMM_004><item><WERKS>1000</WERKS><MATNR>W1170002GW</MATNR><MAKTX>EPI P/P 8-12ohm 5um+/-0.1 No LTO GW</MAKTX><LGORT>GM01</LGORT><LGPBE></LGPBE><MEINS>PCS</MEINS><MATKL>M001</MATKL><WGBEZ>外延片 EPI Wafer</WGBEZ><ZQTY>28.000</ZQTY><ZPRICE>1.00</ZPRICE><WAERS>CNY</WAERS><REMAIN_LIFETIME>-81.000</REMAIN_LIFETIME><MHDHB>100</MHDHB></item><item><WERKS>1000</WERKS><MATNR>W1170002GW</MATNR><MAKTX>EPI P/P 8-12ohm 5um+/-0.1 No LTO GW</MAKTX><LGORT>GM01</LGORT><LGPBE></LGPBE><MEINS>PCS</MEINS><MATKL>M001</MATKL><WGBEZ>外延片 EPI Wafer</WGBEZ><ZQTY>2.000</ZQTY><ZPRICE>1.00</ZPRICE><WAERS>CNY</WAERS><REMAIN_LIFETIME>-81.000</REMAIN_LIFETIME><MHDHB>100</MHDHB></item><item><WERKS>1000</WERKS><MATNR>W1170002GW</MATNR><MAKTX>EPI P/P 8-12ohm 5um+/-0.1 No LTO GW</MAKTX><LGORT>R001</LGORT><LGPBE></LGPBE><MEINS>PCS</MEINS><MATKL>M001</MATKL><WGBEZ>外延片 EPI Wafer</WGBEZ><ZQTY>3.000</ZQTY><ZPRICE>1.00</ZPRICE><WAERS>CNY</WAERS><REMAIN_LIFETIME>-89.000</REMAIN_LIFETIME><MHDHB>100</MHDHB></item><item><WERKS>1000</WERKS><MATNR>W1170002GW</MATNR><MAKTX>EPI P/P 8-12ohm 5um+/-0.1 No LTO GW</MAKTX><LGORT>R001</LGORT><LGPBE></LGPBE><MEINS>PCS</MEINS><MATKL>M001</MATKL><WGBEZ>外延片 EPI Wafer</WGBEZ><ZQTY>3.000</ZQTY><ZPRICE>1.00</ZPRICE><WAERS>CNY</WAERS><REMAIN_LIFETIME>-89.000</REMAIN_LIFETIME><MHDHB>100</MHDHB></item></ZSIMM_004>
2019-10-10 16:29:30,383 [http-nio-8080-exec-6] INFO  c.h.i.s.impl.AchievementsServiceImpl 56 - table rows:4
2019-10-10 16:29:30,383 [http-nio-8080-exec-6] INFO  c.h.i.s.impl.AchievementsServiceImpl 93 - =========kpireport.size()======= 4
2019-10-10 16:29:30,699 [http-nio-8080-exec-6] INFO  c.h.i.controller.ReportController 217 - 同步SAP Achievements数据： 753ms
2019-10-10 16:29:30,705 [http-nio-8080-exec-6] ERROR o.a.c.c.C.[.[.[.[dispatcherServlet] 181 - Servlet.service() for servlet [dispatcherServlet] in context with path [/charts] threw exception [Circular view path [test3]: would dispatch back to the current handler URL [/charts/test3] again. Check your ViewResolver setup! (Hint: This may be the result of an unspecified view, due to default view name generation.)] with root cause
javax.servlet.ServletException: Circular view path [test3]: would dispatch back to the current handler URL [/charts/test3] again. Check your ViewResolver setup! (Hint: This may be the result of an unspecified view, due to default view name generation.)
	at org.springframework.web.servlet.view.InternalResourceView.prepareForRendering(InternalResourceView.java:205)
	at org.springframework.web.servlet.view.InternalResourceView.renderMergedOutputModel(InternalResourceView.java:145)
	at org.springframework.web.servlet.view.AbstractView.render(AbstractView.java:303)
	at org.springframework.web.servlet.DispatcherServlet.render(DispatcherServlet.java:1286)
	at org.springframework.web.servlet.DispatcherServlet.processDispatchResult(DispatcherServlet.java:1041)
	at org.springframework.web.servlet.DispatcherServlet.doDispatch(DispatcherServlet.java:984)
	at org.springframework.web.servlet.DispatcherServlet.doService(DispatcherServlet.java:901)
	at org.springframework.web.servlet.FrameworkServlet.processRequest(FrameworkServlet.java:970)
	at org.springframework.web.servlet.FrameworkServlet.doGet(FrameworkServlet.java:861)
	at javax.servlet.http.HttpServlet.service(HttpServlet.java:635)
	at org.springframework.web.servlet.FrameworkServlet.service(FrameworkServlet.java:846)
	at javax.servlet.http.HttpServlet.service(HttpServlet.java:742)
	at org.apache.catalina.core.ApplicationFilterChain.internalDoFilter(ApplicationFilterChain.java:231)
	at org.apache.catalina.core.ApplicationFilterChain.doFilter(ApplicationFilterChain.java:166)
	at org.apache.tomcat.websocket.server.WsFilter.doFilter(WsFilter.java:52)
	at org.apache.catalina.core.ApplicationFilterChain.internalDoFilter(ApplicationFilterChain.java:193)
	at org.apache.catalina.core.ApplicationFilterChain.doFilter(ApplicationFilterChain.java:166)
	at org.apache.shiro.web.servlet.ProxiedFilterChain.doFilter(ProxiedFilterChain.java:61)
	at org.apache.shiro.web.servlet.AdviceFilter.executeChain(AdviceFilter.java:108)
	at org.apache.shiro.web.servlet.AdviceFilter.doFilterInternal(AdviceFilter.java:137)
	at org.apache.shiro.web.servlet.OncePerRequestFilter.doFilter(OncePerRequestFilter.java:81)
	at org.apache.shiro.web.servlet.ProxiedFilterChain.doFilter(ProxiedFilterChain.java:66)
	at org.apache.shiro.web.servlet.AbstractShiroFilter.executeChain(AbstractShiroFilter.java:359)
	at org.apache.shiro.web.servlet.AbstractShiroFilter$1.call(AbstractShiroFilter.java:275)
	at org.apache.shiro.subject.support.SubjectCallable.doCall(SubjectCallable.java:90)
	at org.apache.shiro.subject.support.SubjectCallable.call(SubjectCallable.java:83)
	at org.apache.shiro.subject.support.DelegatingSubject.execute(DelegatingSubject.java:344)
	at org.apache.shiro.web.servlet.AbstractShiroFilter.doFilterInternal(AbstractShiroFilter.java:272)
	at org.apache.shiro.web.servlet.OncePerRequestFilter.doFilter(OncePerRequestFilter.java:81)
	at org.apache.catalina.core.ApplicationFilterChain.internalDoFilter(ApplicationFilterChain.java:193)
	at org.apache.catalina.core.ApplicationFilterChain.doFilter(ApplicationFilterChain.java:166)
	at org.springframework.web.filter.RequestContextFilter.doFilterInternal(RequestContextFilter.java:99)
	at org.springframework.web.filter.OncePerRequestFilter.doFilter(OncePerRequestFilter.java:107)
	at org.apache.catalina.core.ApplicationFilterChain.internalDoFilter(ApplicationFilterChain.java:193)
	at org.apache.catalina.core.ApplicationFilterChain.doFilter(ApplicationFilterChain.java:166)
	at org.springframework.web.filter.HttpPutFormContentFilter.doFilterInternal(HttpPutFormContentFilter.java:108)
	at org.springframework.web.filter.OncePerRequestFilter.doFilter(OncePerRequestFilter.java:107)
	at org.apache.catalina.core.ApplicationFilterChain.internalDoFilter(ApplicationFilterChain.java:193)
	at org.apache.catalina.core.ApplicationFilterChain.doFilter(ApplicationFilterChain.java:166)
	at org.springframework.web.filter.HiddenHttpMethodFilter.doFilterInternal(HiddenHttpMethodFilter.java:81)
	at org.springframework.web.filter.OncePerRequestFilter.doFilter(OncePerRequestFilter.java:107)
	at org.apache.catalina.core.ApplicationFilterChain.internalDoFilter(ApplicationFilterChain.java:193)
	at org.apache.catalina.core.ApplicationFilterChain.doFilter(ApplicationFilterChain.java:166)
	at org.springframework.web.filter.CharacterEncodingFilter.doFilterInternal(CharacterEncodingFilter.java:197)
	at org.springframework.web.filter.OncePerRequestFilter.doFilter(OncePerRequestFilter.java:107)
	at org.apache.catalina.core.ApplicationFilterChain.internalDoFilter(ApplicationFilterChain.java:193)
	at org.apache.catalina.core.ApplicationFilterChain.doFilter(ApplicationFilterChain.java:166)
	at org.apache.catalina.core.StandardWrapperValve.invoke(StandardWrapperValve.java:199)
	at org.apache.catalina.core.StandardContextValve.invoke(StandardContextValve.java:96)
	at org.apache.catalina.authenticator.AuthenticatorBase.invoke(AuthenticatorBase.java:478)
	at org.apache.catalina.core.StandardHostValve.invoke(StandardHostValve.java:140)
	at org.apache.catalina.valves.ErrorReportValve.invoke(ErrorReportValve.java:81)
	at org.apache.catalina.core.StandardEngineValve.invoke(StandardEngineValve.java:87)
	at org.apache.catalina.connector.CoyoteAdapter.service(CoyoteAdapter.java:342)
	at org.apache.coyote.http11.Http11Processor.service(Http11Processor.java:803)
	at org.apache.coyote.AbstractProcessorLight.process(AbstractProcessorLight.java:66)
	at org.apache.coyote.AbstractProtocol$ConnectionHandler.process(AbstractProtocol.java:868)
	at org.apache.tomcat.util.net.NioEndpoint$SocketProcessor.doRun(NioEndpoint.java:1459)
	at org.apache.tomcat.util.net.SocketProcessorBase.run(SocketProcessorBase.java:49)
	at java.util.concurrent.ThreadPoolExecutor.runWorker(Unknown Source)
	at java.util.concurrent.ThreadPoolExecutor$Worker.run(Unknown Source)
	at org.apache.tomcat.util.threads.TaskThread$WrappingRunnable.run(TaskThread.java:61)
	at java.lang.Thread.run(Unknown Source)
2019-10-10 16:29:44,333 [http-nio-8080-exec-8] INFO  c.h.i.controller.ReportController 210 - =========T_KPIREPORT_HIS删除完成===============
2019-10-10 16:29:44,338 [http-nio-8080-exec-8] INFO  c.h.i.controller.ReportController 213 - =========T_KPIREPORT删除完成===============
2019-10-10 16:29:44,339 [http-nio-8080-exec-8] INFO  c.h.i.s.impl.AchievementsServiceImpl 42 - ===========start call to ZSIMM_004=============== 
2019-10-10 16:29:44,373 [http-nio-8080-exec-8] INFO  c.h.i.s.impl.AchievementsServiceImpl 53 - Success to call SAP to sync PO info. <ZSIMM_004><item><WERKS>1000</WERKS><MATNR>W1170002GW</MATNR><MAKTX>EPI P/P 8-12ohm 5um+/-0.1 No LTO GW</MAKTX><LGORT>GM01</LGORT><LGPBE></LGPBE><MEINS>PCS</MEINS><MATKL>M001</MATKL><WGBEZ>外延片 EPI Wafer</WGBEZ><ZQTY>28.000</ZQTY><ZPRICE>0.00</ZPRICE><WAERS>CNY</WAERS><REMAIN_LIFETIME>-81.000</REMAIN_LIFETIME><MHDHB>100</MHDHB></item><item><WERKS>1000</WERKS><MATNR>W1170002GW</MATNR><MAKTX>EPI P/P 8-12ohm 5um+/-0.1 No LTO GW</MAKTX><LGORT>GM01</LGORT><LGPBE></LGPBE><MEINS>PCS</MEINS><MATKL>M001</MATKL><WGBEZ>外延片 EPI Wafer</WGBEZ><ZQTY>2.000</ZQTY><ZPRICE>0.00</ZPRICE><WAERS>CNY</WAERS><REMAIN_LIFETIME>-81.000</REMAIN_LIFETIME><MHDHB>100</MHDHB></item><item><WERKS>1000</WERKS><MATNR>W1170002GW</MATNR><MAKTX>EPI P/P 8-12ohm 5um+/-0.1 No LTO GW</MAKTX><LGORT>R001</LGORT><LGPBE></LGPBE><MEINS>PCS</MEINS><MATKL>M001</MATKL><WGBEZ>外延片 EPI Wafer</WGBEZ><ZQTY>3.000</ZQTY><ZPRICE>0.00</ZPRICE><WAERS>CNY</WAERS><REMAIN_LIFETIME>-89.000</REMAIN_LIFETIME><MHDHB>100</MHDHB></item><item><WERKS>1000</WERKS><MATNR>W1170002GW</MATNR><MAKTX>EPI P/P 8-12ohm 5um+/-0.1 No LTO GW</MAKTX><LGORT>R001</LGORT><LGPBE></LGPBE><MEINS>PCS</MEINS><MATKL>M001</MATKL><WGBEZ>外延片 EPI Wafer</WGBEZ><ZQTY>3.000</ZQTY><ZPRICE>0.00</ZPRICE><WAERS>CNY</WAERS><REMAIN_LIFETIME>-89.000</REMAIN_LIFETIME><MHDHB>100</MHDHB></item></ZSIMM_004>
2019-10-10 16:29:44,374 [http-nio-8080-exec-8] INFO  c.h.i.s.impl.AchievementsServiceImpl 56 - table rows:4
2019-10-10 16:29:44,374 [http-nio-8080-exec-8] INFO  c.h.i.s.impl.AchievementsServiceImpl 93 - =========kpireport.size()======= 4
2019-10-10 16:29:44,388 [http-nio-8080-exec-8] INFO  c.h.i.s.impl.AchievementsServiceImpl 42 - ===========start call to ZSIMM_004=============== 
2019-10-10 16:29:44,420 [http-nio-8080-exec-8] INFO  c.h.i.s.impl.AchievementsServiceImpl 53 - Success to call SAP to sync PO info. <ZSIMM_004><item><WERKS>1000</WERKS><MATNR>W1170002GW</MATNR><MAKTX>EPI P/P 8-12ohm 5um+/-0.1 No LTO GW</MAKTX><LGORT>GM01</LGORT><LGPBE></LGPBE><MEINS>PCS</MEINS><MATKL>M001</MATKL><WGBEZ>外延片 EPI Wafer</WGBEZ><ZQTY>28.000</ZQTY><ZPRICE>0.00</ZPRICE><WAERS>CNY</WAERS><REMAIN_LIFETIME>-81.000</REMAIN_LIFETIME><MHDHB>100</MHDHB></item><item><WERKS>1000</WERKS><MATNR>W1170002GW</MATNR><MAKTX>EPI P/P 8-12ohm 5um+/-0.1 No LTO GW</MAKTX><LGORT>GM01</LGORT><LGPBE></LGPBE><MEINS>PCS</MEINS><MATKL>M001</MATKL><WGBEZ>外延片 EPI Wafer</WGBEZ><ZQTY>2.000</ZQTY><ZPRICE>0.00</ZPRICE><WAERS>CNY</WAERS><REMAIN_LIFETIME>-81.000</REMAIN_LIFETIME><MHDHB>100</MHDHB></item><item><WERKS>1000</WERKS><MATNR>W1170002GW</MATNR><MAKTX>EPI P/P 8-12ohm 5um+/-0.1 No LTO GW</MAKTX><LGORT>R001</LGORT><LGPBE></LGPBE><MEINS>PCS</MEINS><MATKL>M001</MATKL><WGBEZ>外延片 EPI Wafer</WGBEZ><ZQTY>3.000</ZQTY><ZPRICE>0.00</ZPRICE><WAERS>CNY</WAERS><REMAIN_LIFETIME>-89.000</REMAIN_LIFETIME><MHDHB>100</MHDHB></item><item><WERKS>1000</WERKS><MATNR>W1170002GW</MATNR><MAKTX>EPI P/P 8-12ohm 5um+/-0.1 No LTO GW</MAKTX><LGORT>R001</LGORT><LGPBE></LGPBE><MEINS>PCS</MEINS><MATKL>M001</MATKL><WGBEZ>外延片 EPI Wafer</WGBEZ><ZQTY>3.000</ZQTY><ZPRICE>0.00</ZPRICE><WAERS>CNY</WAERS><REMAIN_LIFETIME>-89.000</REMAIN_LIFETIME><MHDHB>100</MHDHB></item></ZSIMM_004>
2019-10-10 16:29:44,420 [http-nio-8080-exec-8] INFO  c.h.i.s.impl.AchievementsServiceImpl 56 - table rows:4
2019-10-10 16:29:44,421 [http-nio-8080-exec-8] INFO  c.h.i.s.impl.AchievementsServiceImpl 93 - =========kpireport.size()======= 4
2019-10-10 16:29:44,429 [http-nio-8080-exec-8] INFO  c.h.i.s.impl.AchievementsServiceImpl 42 - ===========start call to ZSIMM_004=============== 
2019-10-10 16:29:44,460 [http-nio-8080-exec-8] INFO  c.h.i.s.impl.AchievementsServiceImpl 53 - Success to call SAP to sync PO info. <ZSIMM_004><item><WERKS>1000</WERKS><MATNR>W1170002GW</MATNR><MAKTX>EPI P/P 8-12ohm 5um+/-0.1 No LTO GW</MAKTX><LGORT>GM01</LGORT><LGPBE></LGPBE><MEINS>PCS</MEINS><MATKL>M001</MATKL><WGBEZ>外延片 EPI Wafer</WGBEZ><ZQTY>28.000</ZQTY><ZPRICE>1.00</ZPRICE><WAERS>CNY</WAERS><REMAIN_LIFETIME>-81.000</REMAIN_LIFETIME><MHDHB>100</MHDHB></item><item><WERKS>1000</WERKS><MATNR>W1170002GW</MATNR><MAKTX>EPI P/P 8-12ohm 5um+/-0.1 No LTO GW</MAKTX><LGORT>GM01</LGORT><LGPBE></LGPBE><MEINS>PCS</MEINS><MATKL>M001</MATKL><WGBEZ>外延片 EPI Wafer</WGBEZ><ZQTY>2.000</ZQTY><ZPRICE>1.00</ZPRICE><WAERS>CNY</WAERS><REMAIN_LIFETIME>-81.000</REMAIN_LIFETIME><MHDHB>100</MHDHB></item><item><WERKS>1000</WERKS><MATNR>W1170002GW</MATNR><MAKTX>EPI P/P 8-12ohm 5um+/-0.1 No LTO GW</MAKTX><LGORT>R001</LGORT><LGPBE></LGPBE><MEINS>PCS</MEINS><MATKL>M001</MATKL><WGBEZ>外延片 EPI Wafer</WGBEZ><ZQTY>3.000</ZQTY><ZPRICE>1.00</ZPRICE><WAERS>CNY</WAERS><REMAIN_LIFETIME>-89.000</REMAIN_LIFETIME><MHDHB>100</MHDHB></item><item><WERKS>1000</WERKS><MATNR>W1170002GW</MATNR><MAKTX>EPI P/P 8-12ohm 5um+/-0.1 No LTO GW</MAKTX><LGORT>R001</LGORT><LGPBE></LGPBE><MEINS>PCS</MEINS><MATKL>M001</MATKL><WGBEZ>外延片 EPI Wafer</WGBEZ><ZQTY>3.000</ZQTY><ZPRICE>1.00</ZPRICE><WAERS>CNY</WAERS><REMAIN_LIFETIME>-89.000</REMAIN_LIFETIME><MHDHB>100</MHDHB></item></ZSIMM_004>
2019-10-10 16:29:44,461 [http-nio-8080-exec-8] INFO  c.h.i.s.impl.AchievementsServiceImpl 56 - table rows:4
2019-10-10 16:29:44,461 [http-nio-8080-exec-8] INFO  c.h.i.s.impl.AchievementsServiceImpl 93 - =========kpireport.size()======= 4
2019-10-10 16:29:44,773 [http-nio-8080-exec-8] INFO  c.h.i.s.impl.AchievementsServiceImpl 42 - ===========start call to ZSIMM_004=============== 
2019-10-10 16:29:44,806 [http-nio-8080-exec-8] INFO  c.h.i.s.impl.AchievementsServiceImpl 53 - Success to call SAP to sync PO info. <ZSIMM_004><item><WERKS>1000</WERKS><MATNR>W1170002GW</MATNR><MAKTX>EPI P/P 8-12ohm 5um+/-0.1 No LTO GW</MAKTX><LGORT>GM01</LGORT><LGPBE></LGPBE><MEINS>PCS</MEINS><MATKL>M001</MATKL><WGBEZ>外延片 EPI Wafer</WGBEZ><ZQTY>28.000</ZQTY><ZPRICE>1.00</ZPRICE><WAERS>CNY</WAERS><REMAIN_LIFETIME>-81.000</REMAIN_LIFETIME><MHDHB>100</MHDHB></item><item><WERKS>1000</WERKS><MATNR>W1170002GW</MATNR><MAKTX>EPI P/P 8-12ohm 5um+/-0.1 No LTO GW</MAKTX><LGORT>GM01</LGORT><LGPBE></LGPBE><MEINS>PCS</MEINS><MATKL>M001</MATKL><WGBEZ>外延片 EPI Wafer</WGBEZ><ZQTY>2.000</ZQTY><ZPRICE>1.00</ZPRICE><WAERS>CNY</WAERS><REMAIN_LIFETIME>-81.000</REMAIN_LIFETIME><MHDHB>100</MHDHB></item><item><WERKS>1000</WERKS><MATNR>W1170002GW</MATNR><MAKTX>EPI P/P 8-12ohm 5um+/-0.1 No LTO GW</MAKTX><LGORT>R001</LGORT><LGPBE></LGPBE><MEINS>PCS</MEINS><MATKL>M001</MATKL><WGBEZ>外延片 EPI Wafer</WGBEZ><ZQTY>3.000</ZQTY><ZPRICE>1.00</ZPRICE><WAERS>CNY</WAERS><REMAIN_LIFETIME>-89.000</REMAIN_LIFETIME><MHDHB>100</MHDHB></item><item><WERKS>1000</WERKS><MATNR>W1170002GW</MATNR><MAKTX>EPI P/P 8-12ohm 5um+/-0.1 No LTO GW</MAKTX><LGORT>R001</LGORT><LGPBE></LGPBE><MEINS>PCS</MEINS><MATKL>M001</MATKL><WGBEZ>外延片 EPI Wafer</WGBEZ><ZQTY>3.000</ZQTY><ZPRICE>1.00</ZPRICE><WAERS>CNY</WAERS><REMAIN_LIFETIME>-89.000</REMAIN_LIFETIME><MHDHB>100</MHDHB></item></ZSIMM_004>
2019-10-10 16:29:44,807 [http-nio-8080-exec-8] INFO  c.h.i.s.impl.AchievementsServiceImpl 56 - table rows:4
2019-10-10 16:29:44,808 [http-nio-8080-exec-8] INFO  c.h.i.s.impl.AchievementsServiceImpl 93 - =========kpireport.size()======= 4
2019-10-10 16:29:45,123 [http-nio-8080-exec-8] INFO  c.h.i.s.impl.AchievementsServiceImpl 42 - ===========start call to ZSIMM_004=============== 
2019-10-10 16:29:45,159 [http-nio-8080-exec-8] INFO  c.h.i.s.impl.AchievementsServiceImpl 53 - Success to call SAP to sync PO info. <ZSIMM_004><item><WERKS>1000</WERKS><MATNR>W1170002GW</MATNR><MAKTX>EPI P/P 8-12ohm 5um+/-0.1 No LTO GW</MAKTX><LGORT>GM01</LGORT><LGPBE></LGPBE><MEINS>PCS</MEINS><MATKL>M001</MATKL><WGBEZ>外延片 EPI Wafer</WGBEZ><ZQTY>28.000</ZQTY><ZPRICE>1.00</ZPRICE><WAERS>CNY</WAERS><REMAIN_LIFETIME>-81.000</REMAIN_LIFETIME><MHDHB>100</MHDHB></item><item><WERKS>1000</WERKS><MATNR>W1170002GW</MATNR><MAKTX>EPI P/P 8-12ohm 5um+/-0.1 No LTO GW</MAKTX><LGORT>GM01</LGORT><LGPBE></LGPBE><MEINS>PCS</MEINS><MATKL>M001</MATKL><WGBEZ>外延片 EPI Wafer</WGBEZ><ZQTY>2.000</ZQTY><ZPRICE>1.00</ZPRICE><WAERS>CNY</WAERS><REMAIN_LIFETIME>-81.000</REMAIN_LIFETIME><MHDHB>100</MHDHB></item><item><WERKS>1000</WERKS><MATNR>W1170002GW</MATNR><MAKTX>EPI P/P 8-12ohm 5um+/-0.1 No LTO GW</MAKTX><LGORT>R001</LGORT><LGPBE></LGPBE><MEINS>PCS</MEINS><MATKL>M001</MATKL><WGBEZ>外延片 EPI Wafer</WGBEZ><ZQTY>3.000</ZQTY><ZPRICE>1.00</ZPRICE><WAERS>CNY</WAERS><REMAIN_LIFETIME>-89.000</REMAIN_LIFETIME><MHDHB>100</MHDHB></item><item><WERKS>1000</WERKS><MATNR>W1170002GW</MATNR><MAKTX>EPI P/P 8-12ohm 5um+/-0.1 No LTO GW</MAKTX><LGORT>R001</LGORT><LGPBE></LGPBE><MEINS>PCS</MEINS><MATKL>M001</MATKL><WGBEZ>外延片 EPI Wafer</WGBEZ><ZQTY>3.000</ZQTY><ZPRICE>1.00</ZPRICE><WAERS>CNY</WAERS><REMAIN_LIFETIME>-89.000</REMAIN_LIFETIME><MHDHB>100</MHDHB></item></ZSIMM_004>
2019-10-10 16:29:45,160 [http-nio-8080-exec-8] INFO  c.h.i.s.impl.AchievementsServiceImpl 56 - table rows:4
2019-10-10 16:29:45,160 [http-nio-8080-exec-8] INFO  c.h.i.s.impl.AchievementsServiceImpl 93 - =========kpireport.size()======= 4
2019-10-10 16:29:45,173 [http-nio-8080-exec-8] INFO  c.h.i.s.impl.AchievementsServiceImpl 42 - ===========start call to ZSIMM_004=============== 
2019-10-10 16:29:45,219 [http-nio-8080-exec-8] INFO  c.h.i.s.impl.AchievementsServiceImpl 53 - Success to call SAP to sync PO info. <ZSIMM_004><item><WERKS>1000</WERKS><MATNR>W1170002GW</MATNR><MAKTX>EPI P/P 8-12ohm 5um+/-0.1 No LTO GW</MAKTX><LGORT>GM01</LGORT><LGPBE></LGPBE><MEINS>PCS</MEINS><MATKL>M001</MATKL><WGBEZ>外延片 EPI Wafer</WGBEZ><ZQTY>28.000</ZQTY><ZPRICE>1.00</ZPRICE><WAERS>CNY</WAERS><REMAIN_LIFETIME>-81.000</REMAIN_LIFETIME><MHDHB>100</MHDHB></item><item><WERKS>1000</WERKS><MATNR>W1170002GW</MATNR><MAKTX>EPI P/P 8-12ohm 5um+/-0.1 No LTO GW</MAKTX><LGORT>GM01</LGORT><LGPBE></LGPBE><MEINS>PCS</MEINS><MATKL>M001</MATKL><WGBEZ>外延片 EPI Wafer</WGBEZ><ZQTY>2.000</ZQTY><ZPRICE>1.00</ZPRICE><WAERS>CNY</WAERS><REMAIN_LIFETIME>-81.000</REMAIN_LIFETIME><MHDHB>100</MHDHB></item><item><WERKS>1000</WERKS><MATNR>W1170002GW</MATNR><MAKTX>EPI P/P 8-12ohm 5um+/-0.1 No LTO GW</MAKTX><LGORT>R001</LGORT><LGPBE></LGPBE><MEINS>PCS</MEINS><MATKL>M001</MATKL><WGBEZ>外延片 EPI Wafer</WGBEZ><ZQTY>3.000</ZQTY><ZPRICE>1.00</ZPRICE><WAERS>CNY</WAERS><REMAIN_LIFETIME>-89.000</REMAIN_LIFETIME><MHDHB>100</MHDHB></item><item><WERKS>1000</WERKS><MATNR>W1170002GW</MATNR><MAKTX>EPI P/P 8-12ohm 5um+/-0.1 No LTO GW</MAKTX><LGORT>R001</LGORT><LGPBE></LGPBE><MEINS>PCS</MEINS><MATKL>M001</MATKL><WGBEZ>外延片 EPI Wafer</WGBEZ><ZQTY>3.000</ZQTY><ZPRICE>1.00</ZPRICE><WAERS>CNY</WAERS><REMAIN_LIFETIME>-89.000</REMAIN_LIFETIME><MHDHB>100</MHDHB></item></ZSIMM_004>
2019-10-10 16:29:45,219 [http-nio-8080-exec-8] INFO  c.h.i.s.impl.AchievementsServiceImpl 56 - table rows:4
2019-10-10 16:29:45,220 [http-nio-8080-exec-8] INFO  c.h.i.s.impl.AchievementsServiceImpl 93 - =========kpireport.size()======= 4
2019-10-10 16:29:45,573 [http-nio-8080-exec-8] INFO  c.h.i.s.impl.AchievementsServiceImpl 42 - ===========start call to ZSIMM_004=============== 
2019-10-10 16:29:45,604 [http-nio-8080-exec-8] INFO  c.h.i.s.impl.AchievementsServiceImpl 53 - Success to call SAP to sync PO info. <ZSIMM_004><item><WERKS>1000</WERKS><MATNR>W1170002GW</MATNR><MAKTX>EPI P/P 8-12ohm 5um+/-0.1 No LTO GW</MAKTX><LGORT>GM01</LGORT><LGPBE></LGPBE><MEINS>PCS</MEINS><MATKL>M001</MATKL><WGBEZ>外延片 EPI Wafer</WGBEZ><ZQTY>28.000</ZQTY><ZPRICE>0.00</ZPRICE><WAERS>CNY</WAERS><REMAIN_LIFETIME>-81.000</REMAIN_LIFETIME><MHDHB>100</MHDHB></item><item><WERKS>1000</WERKS><MATNR>W1170002GW</MATNR><MAKTX>EPI P/P 8-12ohm 5um+/-0.1 No LTO GW</MAKTX><LGORT>GM01</LGORT><LGPBE></LGPBE><MEINS>PCS</MEINS><MATKL>M001</MATKL><WGBEZ>外延片 EPI Wafer</WGBEZ><ZQTY>2.000</ZQTY><ZPRICE>0.00</ZPRICE><WAERS>CNY</WAERS><REMAIN_LIFETIME>-81.000</REMAIN_LIFETIME><MHDHB>100</MHDHB></item><item><WERKS>1000</WERKS><MATNR>W1170002GW</MATNR><MAKTX>EPI P/P 8-12ohm 5um+/-0.1 No LTO GW</MAKTX><LGORT>R001</LGORT><LGPBE></LGPBE><MEINS>PCS</MEINS><MATKL>M001</MATKL><WGBEZ>外延片 EPI Wafer</WGBEZ><ZQTY>3.000</ZQTY><ZPRICE>0.00</ZPRICE><WAERS>CNY</WAERS><REMAIN_LIFETIME>-89.000</REMAIN_LIFETIME><MHDHB>100</MHDHB></item><item><WERKS>1000</WERKS><MATNR>W1170002GW</MATNR><MAKTX>EPI P/P 8-12ohm 5um+/-0.1 No LTO GW</MAKTX><LGORT>R001</LGORT><LGPBE></LGPBE><MEINS>PCS</MEINS><MATKL>M001</MATKL><WGBEZ>外延片 EPI Wafer</WGBEZ><ZQTY>3.000</ZQTY><ZPRICE>0.00</ZPRICE><WAERS>CNY</WAERS><REMAIN_LIFETIME>-89.000</REMAIN_LIFETIME><MHDHB>100</MHDHB></item></ZSIMM_004>
2019-10-10 16:29:45,605 [http-nio-8080-exec-8] INFO  c.h.i.s.impl.AchievementsServiceImpl 56 - table rows:4
2019-10-10 16:29:45,606 [http-nio-8080-exec-8] INFO  c.h.i.s.impl.AchievementsServiceImpl 93 - =========kpireport.size()======= 4
2019-10-10 16:29:45,620 [http-nio-8080-exec-8] INFO  c.h.i.s.impl.AchievementsServiceImpl 42 - ===========start call to ZSIMM_004=============== 
2019-10-10 16:29:45,651 [http-nio-8080-exec-8] INFO  c.h.i.s.impl.AchievementsServiceImpl 53 - Success to call SAP to sync PO info. <ZSIMM_004><item><WERKS>1000</WERKS><MATNR>W1170002GW</MATNR><MAKTX>EPI P/P 8-12ohm 5um+/-0.1 No LTO GW</MAKTX><LGORT>GM01</LGORT><LGPBE></LGPBE><MEINS>PCS</MEINS><MATKL>M001</MATKL><WGBEZ>外延片 EPI Wafer</WGBEZ><ZQTY>28.000</ZQTY><ZPRICE>0.00</ZPRICE><WAERS>CNY</WAERS><REMAIN_LIFETIME>-81.000</REMAIN_LIFETIME><MHDHB>100</MHDHB></item><item><WERKS>1000</WERKS><MATNR>W1170002GW</MATNR><MAKTX>EPI P/P 8-12ohm 5um+/-0.1 No LTO GW</MAKTX><LGORT>GM01</LGORT><LGPBE></LGPBE><MEINS>PCS</MEINS><MATKL>M001</MATKL><WGBEZ>外延片 EPI Wafer</WGBEZ><ZQTY>2.000</ZQTY><ZPRICE>0.00</ZPRICE><WAERS>CNY</WAERS><REMAIN_LIFETIME>-81.000</REMAIN_LIFETIME><MHDHB>100</MHDHB></item><item><WERKS>1000</WERKS><MATNR>W1170002GW</MATNR><MAKTX>EPI P/P 8-12ohm 5um+/-0.1 No LTO GW</MAKTX><LGORT>R001</LGORT><LGPBE></LGPBE><MEINS>PCS</MEINS><MATKL>M001</MATKL><WGBEZ>外延片 EPI Wafer</WGBEZ><ZQTY>3.000</ZQTY><ZPRICE>0.00</ZPRICE><WAERS>CNY</WAERS><REMAIN_LIFETIME>-89.000</REMAIN_LIFETIME><MHDHB>100</MHDHB></item><item><WERKS>1000</WERKS><MATNR>W1170002GW</MATNR><MAKTX>EPI P/P 8-12ohm 5um+/-0.1 No LTO GW</MAKTX><LGORT>R001</LGORT><LGPBE></LGPBE><MEINS>PCS</MEINS><MATKL>M001</MATKL><WGBEZ>外延片 EPI Wafer</WGBEZ><ZQTY>3.000</ZQTY><ZPRICE>0.00</ZPRICE><WAERS>CNY</WAERS><REMAIN_LIFETIME>-89.000</REMAIN_LIFETIME><MHDHB>100</MHDHB></item></ZSIMM_004>
2019-10-10 16:29:45,651 [http-nio-8080-exec-8] INFO  c.h.i.s.impl.AchievementsServiceImpl 56 - table rows:4
2019-10-10 16:29:45,652 [http-nio-8080-exec-8] INFO  c.h.i.s.impl.AchievementsServiceImpl 93 - =========kpireport.size()======= 4
2019-10-10 16:29:45,664 [http-nio-8080-exec-8] INFO  c.h.i.s.impl.AchievementsServiceImpl 42 - ===========start call to ZSIMM_004=============== 
2019-10-10 16:29:45,691 [http-nio-8080-exec-8] INFO  c.h.i.s.impl.AchievementsServiceImpl 53 - Success to call SAP to sync PO info. <ZSIMM_004><item><WERKS>1000</WERKS><MATNR>W1170002GW</MATNR><MAKTX>EPI P/P 8-12ohm 5um+/-0.1 No LTO GW</MAKTX><LGORT>GM01</LGORT><LGPBE></LGPBE><MEINS>PCS</MEINS><MATKL>M001</MATKL><WGBEZ>外延片 EPI Wafer</WGBEZ><ZQTY>28.000</ZQTY><ZPRICE>0.00</ZPRICE><WAERS>CNY</WAERS><REMAIN_LIFETIME>-81.000</REMAIN_LIFETIME><MHDHB>100</MHDHB></item><item><WERKS>1000</WERKS><MATNR>W1170002GW</MATNR><MAKTX>EPI P/P 8-12ohm 5um+/-0.1 No LTO GW</MAKTX><LGORT>GM01</LGORT><LGPBE></LGPBE><MEINS>PCS</MEINS><MATKL>M001</MATKL><WGBEZ>外延片 EPI Wafer</WGBEZ><ZQTY>2.000</ZQTY><ZPRICE>0.00</ZPRICE><WAERS>CNY</WAERS><REMAIN_LIFETIME>-81.000</REMAIN_LIFETIME><MHDHB>100</MHDHB></item><item><WERKS>1000</WERKS><MATNR>W1170002GW</MATNR><MAKTX>EPI P/P 8-12ohm 5um+/-0.1 No LTO GW</MAKTX><LGORT>R001</LGORT><LGPBE></LGPBE><MEINS>PCS</MEINS><MATKL>M001</MATKL><WGBEZ>外延片 EPI Wafer</WGBEZ><ZQTY>3.000</ZQTY><ZPRICE>0.00</ZPRICE><WAERS>CNY</WAERS><REMAIN_LIFETIME>-89.000</REMAIN_LIFETIME><MHDHB>100</MHDHB></item><item><WERKS>1000</WERKS><MATNR>W1170002GW</MATNR><MAKTX>EPI P/P 8-12ohm 5um+/-0.1 No LTO GW</MAKTX><LGORT>R001</LGORT><LGPBE></LGPBE><MEINS>PCS</MEINS><MATKL>M001</MATKL><WGBEZ>外延片 EPI Wafer</WGBEZ><ZQTY>3.000</ZQTY><ZPRICE>0.00</ZPRICE><WAERS>CNY</WAERS><REMAIN_LIFETIME>-89.000</REMAIN_LIFETIME><MHDHB>100</MHDHB></item></ZSIMM_004>
2019-10-10 16:29:45,691 [http-nio-8080-exec-8] INFO  c.h.i.s.impl.AchievementsServiceImpl 56 - table rows:4
2019-10-10 16:29:45,692 [http-nio-8080-exec-8] INFO  c.h.i.s.impl.AchievementsServiceImpl 93 - =========kpireport.size()======= 4
2019-10-10 16:29:45,700 [http-nio-8080-exec-8] INFO  c.h.i.s.impl.AchievementsServiceImpl 42 - ===========start call to ZSIMM_004=============== 
2019-10-10 16:29:45,730 [http-nio-8080-exec-8] INFO  c.h.i.s.impl.AchievementsServiceImpl 53 - Success to call SAP to sync PO info. <ZSIMM_004><item><WERKS>1000</WERKS><MATNR>W1170002GW</MATNR><MAKTX>EPI P/P 8-12ohm 5um+/-0.1 No LTO GW</MAKTX><LGORT>GM01</LGORT><LGPBE></LGPBE><MEINS>PCS</MEINS><MATKL>M001</MATKL><WGBEZ>外延片 EPI Wafer</WGBEZ><ZQTY>28.000</ZQTY><ZPRICE>1.00</ZPRICE><WAERS>CNY</WAERS><REMAIN_LIFETIME>-81.000</REMAIN_LIFETIME><MHDHB>100</MHDHB></item><item><WERKS>1000</WERKS><MATNR>W1170002GW</MATNR><MAKTX>EPI P/P 8-12ohm 5um+/-0.1 No LTO GW</MAKTX><LGORT>GM01</LGORT><LGPBE></LGPBE><MEINS>PCS</MEINS><MATKL>M001</MATKL><WGBEZ>外延片 EPI Wafer</WGBEZ><ZQTY>2.000</ZQTY><ZPRICE>1.00</ZPRICE><WAERS>CNY</WAERS><REMAIN_LIFETIME>-81.000</REMAIN_LIFETIME><MHDHB>100</MHDHB></item><item><WERKS>1000</WERKS><MATNR>W1170002GW</MATNR><MAKTX>EPI P/P 8-12ohm 5um+/-0.1 No LTO GW</MAKTX><LGORT>R001</LGORT><LGPBE></LGPBE><MEINS>PCS</MEINS><MATKL>M001</MATKL><WGBEZ>外延片 EPI Wafer</WGBEZ><ZQTY>3.000</ZQTY><ZPRICE>1.00</ZPRICE><WAERS>CNY</WAERS><REMAIN_LIFETIME>-89.000</REMAIN_LIFETIME><MHDHB>100</MHDHB></item><item><WERKS>1000</WERKS><MATNR>W1170002GW</MATNR><MAKTX>EPI P/P 8-12ohm 5um+/-0.1 No LTO GW</MAKTX><LGORT>R001</LGORT><LGPBE></LGPBE><MEINS>PCS</MEINS><MATKL>M001</MATKL><WGBEZ>外延片 EPI Wafer</WGBEZ><ZQTY>3.000</ZQTY><ZPRICE>1.00</ZPRICE><WAERS>CNY</WAERS><REMAIN_LIFETIME>-89.000</REMAIN_LIFETIME><MHDHB>100</MHDHB></item></ZSIMM_004>
2019-10-10 16:29:45,730 [http-nio-8080-exec-8] INFO  c.h.i.s.impl.AchievementsServiceImpl 56 - table rows:4
2019-10-10 16:29:45,730 [http-nio-8080-exec-8] INFO  c.h.i.s.impl.AchievementsServiceImpl 93 - =========kpireport.size()======= 4
2019-10-10 16:29:45,743 [http-nio-8080-exec-8] INFO  c.h.i.controller.ReportController 217 - 同步SAP Achievements数据： 1410ms
2019-10-10 16:29:45,745 [http-nio-8080-exec-8] ERROR o.a.c.c.C.[.[.[.[dispatcherServlet] 181 - Servlet.service() for servlet [dispatcherServlet] in context with path [/charts] threw exception [Circular view path [test3]: would dispatch back to the current handler URL [/charts/test3] again. Check your ViewResolver setup! (Hint: This may be the result of an unspecified view, due to default view name generation.)] with root cause
javax.servlet.ServletException: Circular view path [test3]: would dispatch back to the current handler URL [/charts/test3] again. Check your ViewResolver setup! (Hint: This may be the result of an unspecified view, due to default view name generation.)
	at org.springframework.web.servlet.view.InternalResourceView.prepareForRendering(InternalResourceView.java:205)
	at org.springframework.web.servlet.view.InternalResourceView.renderMergedOutputModel(InternalResourceView.java:145)
	at org.springframework.web.servlet.view.AbstractView.render(AbstractView.java:303)
	at org.springframework.web.servlet.DispatcherServlet.render(DispatcherServlet.java:1286)
	at org.springframework.web.servlet.DispatcherServlet.processDispatchResult(DispatcherServlet.java:1041)
	at org.springframework.web.servlet.DispatcherServlet.doDispatch(DispatcherServlet.java:984)
	at org.springframework.web.servlet.DispatcherServlet.doService(DispatcherServlet.java:901)
	at org.springframework.web.servlet.FrameworkServlet.processRequest(FrameworkServlet.java:970)
	at org.springframework.web.servlet.FrameworkServlet.doGet(FrameworkServlet.java:861)
	at javax.servlet.http.HttpServlet.service(HttpServlet.java:635)
	at org.springframework.web.servlet.FrameworkServlet.service(FrameworkServlet.java:846)
	at javax.servlet.http.HttpServlet.service(HttpServlet.java:742)
	at org.apache.catalina.core.ApplicationFilterChain.internalDoFilter(ApplicationFilterChain.java:231)
	at org.apache.catalina.core.ApplicationFilterChain.doFilter(ApplicationFilterChain.java:166)
	at org.apache.tomcat.websocket.server.WsFilter.doFilter(WsFilter.java:52)
	at org.apache.catalina.core.ApplicationFilterChain.internalDoFilter(ApplicationFilterChain.java:193)
	at org.apache.catalina.core.ApplicationFilterChain.doFilter(ApplicationFilterChain.java:166)
	at org.apache.shiro.web.servlet.ProxiedFilterChain.doFilter(ProxiedFilterChain.java:61)
	at org.apache.shiro.web.servlet.AdviceFilter.executeChain(AdviceFilter.java:108)
	at org.apache.shiro.web.servlet.AdviceFilter.doFilterInternal(AdviceFilter.java:137)
	at org.apache.shiro.web.servlet.OncePerRequestFilter.doFilter(OncePerRequestFilter.java:81)
	at org.apache.shiro.web.servlet.ProxiedFilterChain.doFilter(ProxiedFilterChain.java:66)
	at org.apache.shiro.web.servlet.AbstractShiroFilter.executeChain(AbstractShiroFilter.java:359)
	at org.apache.shiro.web.servlet.AbstractShiroFilter$1.call(AbstractShiroFilter.java:275)
	at org.apache.shiro.subject.support.SubjectCallable.doCall(SubjectCallable.java:90)
	at org.apache.shiro.subject.support.SubjectCallable.call(SubjectCallable.java:83)
	at org.apache.shiro.subject.support.DelegatingSubject.execute(DelegatingSubject.java:344)
	at org.apache.shiro.web.servlet.AbstractShiroFilter.doFilterInternal(AbstractShiroFilter.java:272)
	at org.apache.shiro.web.servlet.OncePerRequestFilter.doFilter(OncePerRequestFilter.java:81)
	at org.apache.catalina.core.ApplicationFilterChain.internalDoFilter(ApplicationFilterChain.java:193)
	at org.apache.catalina.core.ApplicationFilterChain.doFilter(ApplicationFilterChain.java:166)
	at org.springframework.web.filter.RequestContextFilter.doFilterInternal(RequestContextFilter.java:99)
	at org.springframework.web.filter.OncePerRequestFilter.doFilter(OncePerRequestFilter.java:107)
	at org.apache.catalina.core.ApplicationFilterChain.internalDoFilter(ApplicationFilterChain.java:193)
	at org.apache.catalina.core.ApplicationFilterChain.doFilter(ApplicationFilterChain.java:166)
	at org.springframework.web.filter.HttpPutFormContentFilter.doFilterInternal(HttpPutFormContentFilter.java:108)
	at org.springframework.web.filter.OncePerRequestFilter.doFilter(OncePerRequestFilter.java:107)
	at org.apache.catalina.core.ApplicationFilterChain.internalDoFilter(ApplicationFilterChain.java:193)
	at org.apache.catalina.core.ApplicationFilterChain.doFilter(ApplicationFilterChain.java:166)
	at org.springframework.web.filter.HiddenHttpMethodFilter.doFilterInternal(HiddenHttpMethodFilter.java:81)
	at org.springframework.web.filter.OncePerRequestFilter.doFilter(OncePerRequestFilter.java:107)
	at org.apache.catalina.core.ApplicationFilterChain.internalDoFilter(ApplicationFilterChain.java:193)
	at org.apache.catalina.core.ApplicationFilterChain.doFilter(ApplicationFilterChain.java:166)
	at org.springframework.web.filter.CharacterEncodingFilter.doFilterInternal(CharacterEncodingFilter.java:197)
	at org.springframework.web.filter.OncePerRequestFilter.doFilter(OncePerRequestFilter.java:107)
	at org.apache.catalina.core.ApplicationFilterChain.internalDoFilter(ApplicationFilterChain.java:193)
	at org.apache.catalina.core.ApplicationFilterChain.doFilter(ApplicationFilterChain.java:166)
	at org.apache.catalina.core.StandardWrapperValve.invoke(StandardWrapperValve.java:199)
	at org.apache.catalina.core.StandardContextValve.invoke(StandardContextValve.java:96)
	at org.apache.catalina.authenticator.AuthenticatorBase.invoke(AuthenticatorBase.java:478)
	at org.apache.catalina.core.StandardHostValve.invoke(StandardHostValve.java:140)
	at org.apache.catalina.valves.ErrorReportValve.invoke(ErrorReportValve.java:81)
	at org.apache.catalina.core.StandardEngineValve.invoke(StandardEngineValve.java:87)
	at org.apache.catalina.connector.CoyoteAdapter.service(CoyoteAdapter.java:342)
	at org.apache.coyote.http11.Http11Processor.service(Http11Processor.java:803)
	at org.apache.coyote.AbstractProcessorLight.process(AbstractProcessorLight.java:66)
	at org.apache.coyote.AbstractProtocol$ConnectionHandler.process(AbstractProtocol.java:868)
	at org.apache.tomcat.util.net.NioEndpoint$SocketProcessor.doRun(NioEndpoint.java:1459)
	at org.apache.tomcat.util.net.SocketProcessorBase.run(SocketProcessorBase.java:49)
	at java.util.concurrent.ThreadPoolExecutor.runWorker(Unknown Source)
	at java.util.concurrent.ThreadPoolExecutor$Worker.run(Unknown Source)
	at org.apache.tomcat.util.threads.TaskThread$WrappingRunnable.run(TaskThread.java:61)
	at java.lang.Thread.run(Unknown Source)
