2018-04-28 15:49:30,252 [main] INFO  com.hidm.usualsys.Application 48 - Starting Application on E100593-VM with PID 13716 (H:\codes\usual-sys\target\classes started by e100593 in H:\codes\usual-sys)
2018-04-28 15:49:30,280 [main] INFO  com.hidm.usualsys.Application 593 - No active profile set, falling back to default profiles: default
2018-04-28 15:49:30,431 [main] INFO  o.s.b.c.e.AnnotationConfigEmbeddedWebApplicationContext 583 - Refreshing org.springframework.boot.context.embedded.AnnotationConfigEmbeddedWebApplicationContext@7e07db1f: startup date [Sat Apr 28 15:49:30 CST 2018]; root of context hierarchy
2018-04-28 15:49:31,210 [background-preinit] INFO  o.h.validator.internal.util.Version 30 - HV000001: Hibernate Validator 5.3.6.Final
2018-04-28 15:49:32,383 [main] INFO  o.s.b.f.s.DefaultListableBeanFactory 828 - Overriding bean definition for bean 'dataSource' with a different definition: replacing [Root bean: class [null]; scope=; abstract=false; lazyInit=false; autowireMode=3; dependencyCheck=0; autowireCandidate=true; primary=false; factoryBeanName=org.springframework.boot.autoconfigure.jdbc.DataSourceConfiguration$Hikari; factoryMethodName=dataSource; initMethodName=null; destroyMethodName=(inferred); defined in class path resource [org/springframework/boot/autoconfigure/jdbc/DataSourceConfiguration$Hikari.class]] with [Root bean: class [null]; scope=; abstract=false; lazyInit=false; autowireMode=3; dependencyCheck=0; autowireCandidate=true; primary=false; factoryBeanName=org.springframework.boot.autoconfigure.jdbc.DataSourceConfiguration$Tomcat; factoryMethodName=dataSource; initMethodName=null; destroyMethodName=(inferred); defined in class path resource [org/springframework/boot/autoconfigure/jdbc/DataSourceConfiguration$Tomcat.class]]
2018-04-28 15:49:34,593 [main] INFO  o.s.b.c.e.t.TomcatEmbeddedServletContainer 89 - Tomcat initialized with port(s): 8080 (http)
2018-04-28 15:49:34,618 [main] INFO  o.a.catalina.core.StandardService 179 - Starting service [Tomcat]
2018-04-28 15:49:34,622 [main] INFO  o.a.catalina.core.StandardEngine 179 - Starting Servlet Engine: Apache Tomcat/8.5.23
2018-04-28 15:49:34,893 [localhost-startStop-1] INFO  o.a.c.c.C.[Tomcat].[localhost].[/] 179 - Initializing Spring embedded WebApplicationContext
2018-04-28 15:49:34,894 [localhost-startStop-1] INFO  o.s.web.context.ContextLoader 276 - Root WebApplicationContext: initialization completed in 4463 ms
2018-04-28 15:49:35,274 [localhost-startStop-1] INFO  o.s.b.w.s.FilterRegistrationBean 258 - Mapping filter: 'characterEncodingFilter' to: [/*]
2018-04-28 15:49:35,276 [localhost-startStop-1] INFO  o.s.b.w.s.FilterRegistrationBean 258 - Mapping filter: 'hiddenHttpMethodFilter' to: [/*]
2018-04-28 15:49:35,278 [localhost-startStop-1] INFO  o.s.b.w.s.FilterRegistrationBean 258 - Mapping filter: 'httpPutFormContentFilter' to: [/*]
2018-04-28 15:49:35,281 [localhost-startStop-1] INFO  o.s.b.w.s.FilterRegistrationBean 258 - Mapping filter: 'requestContextFilter' to: [/*]
2018-04-28 15:49:35,286 [localhost-startStop-1] INFO  o.s.b.w.s.DelegatingFilterProxyRegistrationBean 258 - Mapping filter: 'springSecurityFilterChain' to: [/*]
2018-04-28 15:49:35,289 [localhost-startStop-1] INFO  o.s.b.w.s.ServletRegistrationBean 190 - Mapping servlet: 'dispatcherServlet' to [/]
2018-04-28 15:49:37,239 [main] INFO  o.s.w.s.m.m.a.RequestMappingHandlerAdapter 534 - Looking for @ControllerAdvice: org.springframework.boot.context.embedded.AnnotationConfigEmbeddedWebApplicationContext@7e07db1f: startup date [Sat Apr 28 15:49:30 CST 2018]; root of context hierarchy
2018-04-28 15:49:37,611 [main] INFO  o.s.w.s.m.m.a.RequestMappingHandlerMapping 543 - Mapped "{[/usualsys/department/add]}" onto public java.lang.String com.hidm.usualsys.controller.DepartmentController.add(org.springframework.ui.Model,javax.servlet.http.HttpSession)
2018-04-28 15:49:37,613 [main] INFO  o.s.w.s.m.m.a.RequestMappingHandlerMapping 543 - Mapped "{[/usualsys/department/delete]}" onto public boolean com.hidm.usualsys.controller.DepartmentController.delete(java.lang.Long[],org.springframework.ui.Model,javax.servlet.http.HttpSession)
2018-04-28 15:49:37,614 [main] INFO  o.s.w.s.m.m.a.RequestMappingHandlerMapping 543 - Mapped "{[/usualsys/department/list]}" onto public java.lang.String com.hidm.usualsys.controller.DepartmentController.list(org.springframework.ui.Model,javax.servlet.http.HttpSession)
2018-04-28 15:49:37,615 [main] INFO  o.s.w.s.m.m.a.RequestMappingHandlerMapping 543 - Mapped "{[/usualsys/department/save]}" onto public boolean com.hidm.usualsys.controller.DepartmentController.save(com.hidm.usualsys.entity.Department,org.springframework.ui.Model,javax.servlet.http.HttpSession)
2018-04-28 15:49:37,615 [main] INFO  o.s.w.s.m.m.a.RequestMappingHandlerMapping 543 - Mapped "{[/usualsys/department/search]}" onto public java.util.Map<java.lang.String, java.lang.Object> com.hidm.usualsys.controller.DepartmentController.search(com.hidm.usualsys.entity.Department,com.hidm.usualsys.vo.PaginationVo,org.springframework.ui.Model,javax.servlet.http.HttpSession)
2018-04-28 15:49:37,616 [main] INFO  o.s.w.s.m.m.a.RequestMappingHandlerMapping 543 - Mapped "{[/usualsys/department/public/listcenter]}" onto public java.util.Map<java.lang.String, java.lang.Object> com.hidm.usualsys.controller.DepartmentController.listCenter(com.hidm.usualsys.entity.Department,com.hidm.usualsys.vo.PaginationVo,org.springframework.ui.Model,javax.servlet.http.HttpSession)
2018-04-28 15:49:37,617 [main] INFO  o.s.w.s.m.m.a.RequestMappingHandlerMapping 543 - Mapped "{[/usualsys/department/allcenter]}" onto public java.util.List<com.hidm.usualsys.entity.Department> com.hidm.usualsys.controller.DepartmentController.allCenter(com.hidm.usualsys.entity.Department,com.hidm.usualsys.vo.PaginationVo,org.springframework.ui.Model,javax.servlet.http.HttpSession)
2018-04-28 15:49:37,619 [main] INFO  o.s.w.s.m.m.a.RequestMappingHandlerMapping 543 - Mapped "{[/usualsys/error]}" onto public java.lang.String com.hidm.usualsys.controller.LoginController.error(javax.servlet.http.HttpSession)
2018-04-28 15:49:37,619 [main] INFO  o.s.w.s.m.m.a.RequestMappingHandlerMapping 543 - Mapped "{[/usualsys/main]}" onto public java.lang.String com.hidm.usualsys.controller.LoginController.index(javax.servlet.http.HttpSession)
2018-04-28 15:49:37,620 [main] INFO  o.s.w.s.m.m.a.RequestMappingHandlerMapping 543 - Mapped "{[/usualsys/login]}" onto public java.lang.String com.hidm.usualsys.controller.LoginController.login(javax.servlet.http.HttpSession)
2018-04-28 15:49:37,620 [main] INFO  o.s.w.s.m.m.a.RequestMappingHandlerMapping 543 - Mapped "{[/usualsys/logout]}" onto public java.lang.String com.hidm.usualsys.controller.LoginController.logout(javax.servlet.http.HttpSession)
2018-04-28 15:49:37,621 [main] INFO  o.s.w.s.m.m.a.RequestMappingHandlerMapping 543 - Mapped "{[/usualsys/doLogin]}" onto public java.lang.String com.hidm.usualsys.controller.LoginController.doLogin(java.lang.String,java.lang.String,org.springframework.ui.Model,javax.servlet.http.HttpSession)
2018-04-28 15:49:37,624 [main] INFO  o.s.w.s.m.m.a.RequestMappingHandlerMapping 543 - Mapped "{[/usualsys/usualsystem/add]}" onto public java.lang.String com.hidm.usualsys.controller.UsualSystemController.add(org.springframework.ui.Model,javax.servlet.http.HttpSession)
2018-04-28 15:49:37,625 [main] INFO  o.s.w.s.m.m.a.RequestMappingHandlerMapping 543 - Mapped "{[/usualsys/usualsystem/public/list]}" onto public java.lang.String com.hidm.usualsys.controller.UsualSystemController.list(org.springframework.ui.Model,javax.servlet.http.HttpSession)
2018-04-28 15:49:37,626 [main] INFO  o.s.w.s.m.m.a.RequestMappingHandlerMapping 543 - Mapped "{[/usualsys/usualsystem/public/search]}" onto public java.util.Map<java.lang.String, java.lang.Object> com.hidm.usualsys.controller.UsualSystemController.search(com.hidm.usualsys.entity.UsualSystem,com.hidm.usualsys.vo.PaginationVo,org.springframework.ui.Model,javax.servlet.http.HttpSession)
2018-04-28 15:49:37,627 [main] INFO  o.s.w.s.m.m.a.RequestMappingHandlerMapping 543 - Mapped "{[/usualsys/usualfile/save]}" onto public java.lang.String com.hidm.usualsys.controller.UsualSystemController.saveFile(com.hidm.usualsys.entity.UsualFile,org.springframework.ui.Model,javax.servlet.http.HttpSession)
2018-04-28 15:49:37,628 [main] INFO  o.s.w.s.m.m.a.RequestMappingHandlerMapping 543 - Mapped "{[/usualsys/usualsystem/save]}" onto public java.lang.String com.hidm.usualsys.controller.UsualSystemController.saveSystem(com.hidm.usualsys.entity.UsualSystem,org.springframework.ui.Model,javax.servlet.http.HttpSession)
2018-04-28 15:49:37,628 [main] INFO  o.s.w.s.m.m.a.RequestMappingHandlerMapping 543 - Mapped "{[/usualsys/usualsystem/managefile]}" onto public java.lang.String com.hidm.usualsys.controller.UsualSystemController.manageFile(org.springframework.ui.Model,javax.servlet.http.HttpSession)
2018-04-28 15:49:37,629 [main] INFO  o.s.w.s.m.m.a.RequestMappingHandlerMapping 543 - Mapped "{[/usualsys/usualsystem/managesystem]}" onto public java.lang.String com.hidm.usualsys.controller.UsualSystemController.manageSystem(org.springframework.ui.Model,javax.servlet.http.HttpSession)
2018-04-28 15:49:37,630 [main] INFO  o.s.w.s.m.m.a.RequestMappingHandlerMapping 543 - Mapped "{[/usualsys/usualsystem/delete]}" onto public boolean com.hidm.usualsys.controller.UsualSystemController.deleteSystem(java.lang.Long[],org.springframework.ui.Model,javax.servlet.http.HttpSession)
2018-04-28 15:49:37,630 [main] INFO  o.s.w.s.m.m.a.RequestMappingHandlerMapping 543 - Mapped "{[/usualsys/usualfile/delete]}" onto public boolean com.hidm.usualsys.controller.UsualSystemController.deleteFile(java.lang.Long[],org.springframework.ui.Model,javax.servlet.http.HttpSession)
2018-04-28 15:49:37,631 [main] INFO  o.s.w.s.m.m.a.RequestMappingHandlerMapping 543 - Mapped "{[/usualsys/usualfile/public/search]}" onto public java.util.Map<java.lang.String, java.lang.Object> com.hidm.usualsys.controller.UsualSystemController.searchUsualFile(com.hidm.usualsys.entity.UsualFile,com.hidm.usualsys.vo.PaginationVo,org.springframework.ui.Model,javax.servlet.http.HttpSession)
2018-04-28 15:49:37,635 [main] INFO  o.s.w.s.m.m.a.RequestMappingHandlerMapping 543 - Mapped "{[/error]}" onto public org.springframework.http.ResponseEntity<java.util.Map<java.lang.String, java.lang.Object>> org.springframework.boot.autoconfigure.web.BasicErrorController.error(javax.servlet.http.HttpServletRequest)
2018-04-28 15:49:37,636 [main] INFO  o.s.w.s.m.m.a.RequestMappingHandlerMapping 543 - Mapped "{[/error],produces=[text/html]}" onto public org.springframework.web.servlet.ModelAndView org.springframework.boot.autoconfigure.web.BasicErrorController.errorHtml(javax.servlet.http.HttpServletRequest,javax.servlet.http.HttpServletResponse)
2018-04-28 15:49:37,696 [main] INFO  o.s.w.s.h.SimpleUrlHandlerMapping 362 - Mapped URL path [/webjars/**] onto handler of type [class org.springframework.web.servlet.resource.ResourceHttpRequestHandler]
2018-04-28 15:49:37,698 [main] INFO  o.s.w.s.h.SimpleUrlHandlerMapping 362 - Mapped URL path [/**] onto handler of type [class org.springframework.web.servlet.resource.ResourceHttpRequestHandler]
2018-04-28 15:49:37,803 [main] INFO  o.s.w.s.h.SimpleUrlHandlerMapping 362 - Mapped URL path [/**/favicon.ico] onto handler of type [class org.springframework.web.servlet.resource.ResourceHttpRequestHandler]
2018-04-28 15:49:38,390 [main] INFO  o.s.w.s.v.f.FreeMarkerConfigurer 127 - ClassTemplateLoader for Spring macros added to FreeMarker configuration
2018-04-28 15:49:38,951 [main] INFO  o.s.s.web.DefaultSecurityFilterChain 43 - Creating filter chain: OrRequestMatcher [requestMatchers=[Ant [pattern='/css/**'], Ant [pattern='/js/**'], Ant [pattern='/images/**'], Ant [pattern='/webjars/**'], Ant [pattern='/**/favicon.ico'], Ant [pattern='/error']]], []
2018-04-28 15:49:38,952 [main] INFO  o.s.s.web.DefaultSecurityFilterChain 43 - Creating filter chain: Ant [pattern='/**/*css*/**'], []
2018-04-28 15:49:38,953 [main] INFO  o.s.s.web.DefaultSecurityFilterChain 43 - Creating filter chain: Ant [pattern='/**/*js*/**'], []
2018-04-28 15:49:38,954 [main] INFO  o.s.s.web.DefaultSecurityFilterChain 43 - Creating filter chain: Ant [pattern='/**/*images*/**'], []
2018-04-28 15:49:39,173 [main] INFO  o.s.s.web.DefaultSecurityFilterChain 43 - Creating filter chain: org.springframework.security.web.util.matcher.AnyRequestMatcher@1, [org.springframework.security.web.context.request.async.WebAsyncManagerIntegrationFilter@b34832b, org.springframework.security.web.context.SecurityContextPersistenceFilter@5d96bdf8, org.springframework.security.web.header.HeaderWriterFilter@27755487, org.springframework.security.web.authentication.logout.LogoutFilter@77114efe, org.springframework.security.web.authentication.UsernamePasswordAuthenticationFilter@5399f6c5, org.springframework.security.web.authentication.ui.DefaultLoginPageGeneratingFilter@39bbd9e0, org.springframework.security.web.savedrequest.RequestCacheAwareFilter@306f6f1d, org.springframework.security.web.servletapi.SecurityContextHolderAwareRequestFilter@5349b246, org.springframework.security.web.authentication.AnonymousAuthenticationFilter@48f4713c, org.springframework.security.web.session.SessionManagementFilter@fe7b6b0, org.springframework.security.web.access.ExceptionTranslationFilter@6a2c717f, org.springframework.security.web.access.intercept.FilterSecurityInterceptor@2f521c4]
2018-04-28 15:49:39,215 [main] INFO  o.s.s.web.DefaultSecurityFilterChain 43 - Creating filter chain: OrRequestMatcher [requestMatchers=[Ant [pattern='/**']]], [org.springframework.security.web.context.request.async.WebAsyncManagerIntegrationFilter@5853ca50, org.springframework.security.web.context.SecurityContextPersistenceFilter@370c1968, org.springframework.security.web.header.HeaderWriterFilter@f324455, org.springframework.security.web.authentication.logout.LogoutFilter@65e0b505, org.springframework.security.web.authentication.www.BasicAuthenticationFilter@67de7a99, org.springframework.security.web.savedrequest.RequestCacheAwareFilter@2f0bfe17, org.springframework.security.web.servletapi.SecurityContextHolderAwareRequestFilter@3206174f, org.springframework.security.web.authentication.AnonymousAuthenticationFilter@1a0d96a5, org.springframework.security.web.session.SessionManagementFilter@3a894088, org.springframework.security.web.access.ExceptionTranslationFilter@7b6c6e70, org.springframework.security.web.access.intercept.FilterSecurityInterceptor@423c5404]
2018-04-28 15:49:39,584 [main] INFO  o.s.j.e.a.AnnotationMBeanExporter 431 - Registering beans for JMX exposure on startup
2018-04-28 15:49:39,613 [main] INFO  o.a.coyote.http11.Http11NioProtocol 179 - Initializing ProtocolHandler ["http-nio-8080"]
2018-04-28 15:49:39,656 [main] INFO  o.a.coyote.http11.Http11NioProtocol 179 - Starting ProtocolHandler ["http-nio-8080"]
2018-04-28 15:49:39,677 [main] INFO  o.a.tomcat.util.net.NioSelectorPool 179 - Using a shared selector for servlet write/read
2018-04-28 15:49:39,783 [main] INFO  o.s.b.c.e.t.TomcatEmbeddedServletContainer 201 - Tomcat started on port(s): 8080 (http)
2018-04-28 15:49:39,795 [main] INFO  com.hidm.usualsys.Application 57 - Started Application in 10.813 seconds (JVM running for 11.674)
2018-04-28 15:50:20,719 [http-nio-8080-exec-1] INFO  o.a.c.c.C.[Tomcat].[localhost].[/] 179 - Initializing Spring FrameworkServlet 'dispatcherServlet'
2018-04-28 15:50:20,720 [http-nio-8080-exec-1] INFO  o.s.web.servlet.DispatcherServlet 489 - FrameworkServlet 'dispatcherServlet': initialization started
2018-04-28 15:50:20,773 [http-nio-8080-exec-1] INFO  o.s.web.servlet.DispatcherServlet 508 - FrameworkServlet 'dispatcherServlet': initialization completed in 52 ms
2018-04-28 15:52:06,592 [main] INFO  com.hidm.usualsys.Application 48 - Starting Application on E100593-VM with PID 3340 (H:\codes\usual-sys\target\classes started by e100593 in H:\codes\usual-sys)
2018-04-28 15:52:06,602 [main] INFO  com.hidm.usualsys.Application 593 - No active profile set, falling back to default profiles: default
2018-04-28 15:52:06,740 [main] INFO  o.s.b.c.e.AnnotationConfigEmbeddedWebApplicationContext 583 - Refreshing org.springframework.boot.context.embedded.AnnotationConfigEmbeddedWebApplicationContext@7e07db1f: startup date [Sat Apr 28 15:52:06 CST 2018]; root of context hierarchy
2018-04-28 15:52:07,265 [background-preinit] INFO  o.h.validator.internal.util.Version 30 - HV000001: Hibernate Validator 5.3.6.Final
2018-04-28 15:52:08,508 [main] INFO  o.s.b.f.s.DefaultListableBeanFactory 828 - Overriding bean definition for bean 'dataSource' with a different definition: replacing [Root bean: class [null]; scope=; abstract=false; lazyInit=false; autowireMode=3; dependencyCheck=0; autowireCandidate=true; primary=false; factoryBeanName=org.springframework.boot.autoconfigure.jdbc.DataSourceConfiguration$Hikari; factoryMethodName=dataSource; initMethodName=null; destroyMethodName=(inferred); defined in class path resource [org/springframework/boot/autoconfigure/jdbc/DataSourceConfiguration$Hikari.class]] with [Root bean: class [null]; scope=; abstract=false; lazyInit=false; autowireMode=3; dependencyCheck=0; autowireCandidate=true; primary=false; factoryBeanName=org.springframework.boot.autoconfigure.jdbc.DataSourceConfiguration$Tomcat; factoryMethodName=dataSource; initMethodName=null; destroyMethodName=(inferred); defined in class path resource [org/springframework/boot/autoconfigure/jdbc/DataSourceConfiguration$Tomcat.class]]
2018-04-28 15:52:10,897 [main] INFO  o.s.b.c.e.t.TomcatEmbeddedServletContainer 89 - Tomcat initialized with port(s): 8080 (http)
2018-04-28 15:52:10,923 [main] INFO  o.a.catalina.core.StandardService 179 - Starting service [Tomcat]
2018-04-28 15:52:10,927 [main] INFO  o.a.catalina.core.StandardEngine 179 - Starting Servlet Engine: Apache Tomcat/8.5.23
2018-04-28 15:52:11,195 [localhost-startStop-1] INFO  o.a.c.c.C.[Tomcat].[localhost].[/] 179 - Initializing Spring embedded WebApplicationContext
2018-04-28 15:52:11,196 [localhost-startStop-1] INFO  o.s.web.context.ContextLoader 276 - Root WebApplicationContext: initialization completed in 4456 ms
2018-04-28 15:52:11,612 [localhost-startStop-1] INFO  o.s.b.w.s.FilterRegistrationBean 258 - Mapping filter: 'characterEncodingFilter' to: [/*]
2018-04-28 15:52:11,614 [localhost-startStop-1] INFO  o.s.b.w.s.FilterRegistrationBean 258 - Mapping filter: 'hiddenHttpMethodFilter' to: [/*]
2018-04-28 15:52:11,615 [localhost-startStop-1] INFO  o.s.b.w.s.FilterRegistrationBean 258 - Mapping filter: 'httpPutFormContentFilter' to: [/*]
2018-04-28 15:52:11,615 [localhost-startStop-1] INFO  o.s.b.w.s.FilterRegistrationBean 258 - Mapping filter: 'requestContextFilter' to: [/*]
2018-04-28 15:52:11,618 [localhost-startStop-1] INFO  o.s.b.w.s.DelegatingFilterProxyRegistrationBean 258 - Mapping filter: 'springSecurityFilterChain' to: [/*]
2018-04-28 15:52:11,619 [localhost-startStop-1] INFO  o.s.b.w.s.ServletRegistrationBean 190 - Mapping servlet: 'dispatcherServlet' to [/]
2018-04-28 15:52:13,516 [main] INFO  o.s.w.s.m.m.a.RequestMappingHandlerAdapter 534 - Looking for @ControllerAdvice: org.springframework.boot.context.embedded.AnnotationConfigEmbeddedWebApplicationContext@7e07db1f: startup date [Sat Apr 28 15:52:06 CST 2018]; root of context hierarchy
2018-04-28 15:52:13,788 [main] INFO  o.s.w.s.m.m.a.RequestMappingHandlerMapping 543 - Mapped "{[/usualsys/department/add]}" onto public java.lang.String com.hidm.usualsys.controller.DepartmentController.add(org.springframework.ui.Model,javax.servlet.http.HttpSession)
2018-04-28 15:52:13,791 [main] INFO  o.s.w.s.m.m.a.RequestMappingHandlerMapping 543 - Mapped "{[/usualsys/department/delete]}" onto public boolean com.hidm.usualsys.controller.DepartmentController.delete(java.lang.Long[],org.springframework.ui.Model,javax.servlet.http.HttpSession)
2018-04-28 15:52:13,792 [main] INFO  o.s.w.s.m.m.a.RequestMappingHandlerMapping 543 - Mapped "{[/usualsys/department/list]}" onto public java.lang.String com.hidm.usualsys.controller.DepartmentController.list(org.springframework.ui.Model,javax.servlet.http.HttpSession)
2018-04-28 15:52:13,793 [main] INFO  o.s.w.s.m.m.a.RequestMappingHandlerMapping 543 - Mapped "{[/usualsys/department/save]}" onto public boolean com.hidm.usualsys.controller.DepartmentController.save(com.hidm.usualsys.entity.Department,org.springframework.ui.Model,javax.servlet.http.HttpSession)
2018-04-28 15:52:13,794 [main] INFO  o.s.w.s.m.m.a.RequestMappingHandlerMapping 543 - Mapped "{[/usualsys/department/search]}" onto public java.util.Map<java.lang.String, java.lang.Object> com.hidm.usualsys.controller.DepartmentController.search(com.hidm.usualsys.entity.Department,com.hidm.usualsys.vo.PaginationVo,org.springframework.ui.Model,javax.servlet.http.HttpSession)
2018-04-28 15:52:13,795 [main] INFO  o.s.w.s.m.m.a.RequestMappingHandlerMapping 543 - Mapped "{[/usualsys/department/public/listcenter]}" onto public java.util.Map<java.lang.String, java.lang.Object> com.hidm.usualsys.controller.DepartmentController.listCenter(com.hidm.usualsys.entity.Department,com.hidm.usualsys.vo.PaginationVo,org.springframework.ui.Model,javax.servlet.http.HttpSession)
2018-04-28 15:52:13,795 [main] INFO  o.s.w.s.m.m.a.RequestMappingHandlerMapping 543 - Mapped "{[/usualsys/department/allcenter]}" onto public java.util.List<com.hidm.usualsys.entity.Department> com.hidm.usualsys.controller.DepartmentController.allCenter(com.hidm.usualsys.entity.Department,com.hidm.usualsys.vo.PaginationVo,org.springframework.ui.Model,javax.servlet.http.HttpSession)
2018-04-28 15:52:13,797 [main] INFO  o.s.w.s.m.m.a.RequestMappingHandlerMapping 543 - Mapped "{[/usualsys/error]}" onto public java.lang.String com.hidm.usualsys.controller.LoginController.error(javax.servlet.http.HttpSession)
2018-04-28 15:52:13,798 [main] INFO  o.s.w.s.m.m.a.RequestMappingHandlerMapping 543 - Mapped "{[/usualsys/main]}" onto public java.lang.String com.hidm.usualsys.controller.LoginController.index(javax.servlet.http.HttpSession)
2018-04-28 15:52:13,798 [main] INFO  o.s.w.s.m.m.a.RequestMappingHandlerMapping 543 - Mapped "{[/usualsys/login]}" onto public java.lang.String com.hidm.usualsys.controller.LoginController.login(javax.servlet.http.HttpSession)
2018-04-28 15:52:13,799 [main] INFO  o.s.w.s.m.m.a.RequestMappingHandlerMapping 543 - Mapped "{[/usualsys/logout]}" onto public java.lang.String com.hidm.usualsys.controller.LoginController.logout(javax.servlet.http.HttpSession)
2018-04-28 15:52:13,800 [main] INFO  o.s.w.s.m.m.a.RequestMappingHandlerMapping 543 - Mapped "{[/usualsys/doLogin]}" onto public java.lang.String com.hidm.usualsys.controller.LoginController.doLogin(java.lang.String,java.lang.String,org.springframework.ui.Model,javax.servlet.http.HttpSession)
2018-04-28 15:52:13,803 [main] INFO  o.s.w.s.m.m.a.RequestMappingHandlerMapping 543 - Mapped "{[/usualsys/usualsystem/add]}" onto public java.lang.String com.hidm.usualsys.controller.UsualSystemController.add(org.springframework.ui.Model,javax.servlet.http.HttpSession)
2018-04-28 15:52:13,805 [main] INFO  o.s.w.s.m.m.a.RequestMappingHandlerMapping 543 - Mapped "{[/usualsys/usualsystem/public/list]}" onto private java.lang.String com.hidm.usualsys.controller.UsualSystemController.list(org.springframework.ui.Model,javax.servlet.http.HttpSession)
2018-04-28 15:52:13,806 [main] INFO  o.s.w.s.m.m.a.RequestMappingHandlerMapping 543 - Mapped "{[/usualsys/usualsystem/public/search]}" onto public java.util.Map<java.lang.String, java.lang.Object> com.hidm.usualsys.controller.UsualSystemController.search(com.hidm.usualsys.entity.UsualSystem,com.hidm.usualsys.vo.PaginationVo,org.springframework.ui.Model,javax.servlet.http.HttpSession)
2018-04-28 15:52:13,807 [main] INFO  o.s.w.s.m.m.a.RequestMappingHandlerMapping 543 - Mapped "{[/usualsys/usualfile/save]}" onto public java.lang.String com.hidm.usualsys.controller.UsualSystemController.saveFile(com.hidm.usualsys.entity.UsualFile,org.springframework.ui.Model,javax.servlet.http.HttpSession)
2018-04-28 15:52:13,807 [main] INFO  o.s.w.s.m.m.a.RequestMappingHandlerMapping 543 - Mapped "{[/usualsys/usualsystem/save]}" onto public java.lang.String com.hidm.usualsys.controller.UsualSystemController.saveSystem(com.hidm.usualsys.entity.UsualSystem,org.springframework.ui.Model,javax.servlet.http.HttpSession)
2018-04-28 15:52:13,808 [main] INFO  o.s.w.s.m.m.a.RequestMappingHandlerMapping 543 - Mapped "{[/usualsys/usualsystem/managefile]}" onto public java.lang.String com.hidm.usualsys.controller.UsualSystemController.manageFile(org.springframework.ui.Model,javax.servlet.http.HttpSession)
2018-04-28 15:52:13,809 [main] INFO  o.s.w.s.m.m.a.RequestMappingHandlerMapping 543 - Mapped "{[/usualsys/usualsystem/managesystem]}" onto public java.lang.String com.hidm.usualsys.controller.UsualSystemController.manageSystem(org.springframework.ui.Model,javax.servlet.http.HttpSession)
2018-04-28 15:52:13,809 [main] INFO  o.s.w.s.m.m.a.RequestMappingHandlerMapping 543 - Mapped "{[/usualsys/usualsystem/delete]}" onto public boolean com.hidm.usualsys.controller.UsualSystemController.deleteSystem(java.lang.Long[],org.springframework.ui.Model,javax.servlet.http.HttpSession)
2018-04-28 15:52:13,810 [main] INFO  o.s.w.s.m.m.a.RequestMappingHandlerMapping 543 - Mapped "{[/usualsys/usualfile/delete]}" onto public boolean com.hidm.usualsys.controller.UsualSystemController.deleteFile(java.lang.Long[],org.springframework.ui.Model,javax.servlet.http.HttpSession)
2018-04-28 15:52:13,811 [main] INFO  o.s.w.s.m.m.a.RequestMappingHandlerMapping 543 - Mapped "{[/usualsys/usualfile/public/search]}" onto public java.util.Map<java.lang.String, java.lang.Object> com.hidm.usualsys.controller.UsualSystemController.searchUsualFile(com.hidm.usualsys.entity.UsualFile,com.hidm.usualsys.vo.PaginationVo,org.springframework.ui.Model,javax.servlet.http.HttpSession)
2018-04-28 15:52:13,815 [main] INFO  o.s.w.s.m.m.a.RequestMappingHandlerMapping 543 - Mapped "{[/error]}" onto public org.springframework.http.ResponseEntity<java.util.Map<java.lang.String, java.lang.Object>> org.springframework.boot.autoconfigure.web.BasicErrorController.error(javax.servlet.http.HttpServletRequest)
2018-04-28 15:52:13,816 [main] INFO  o.s.w.s.m.m.a.RequestMappingHandlerMapping 543 - Mapped "{[/error],produces=[text/html]}" onto public org.springframework.web.servlet.ModelAndView org.springframework.boot.autoconfigure.web.BasicErrorController.errorHtml(javax.servlet.http.HttpServletRequest,javax.servlet.http.HttpServletResponse)
2018-04-28 15:52:13,880 [main] INFO  o.s.w.s.h.SimpleUrlHandlerMapping 362 - Mapped URL path [/webjars/**] onto handler of type [class org.springframework.web.servlet.resource.ResourceHttpRequestHandler]
2018-04-28 15:52:13,882 [main] INFO  o.s.w.s.h.SimpleUrlHandlerMapping 362 - Mapped URL path [/**] onto handler of type [class org.springframework.web.servlet.resource.ResourceHttpRequestHandler]
2018-04-28 15:52:13,970 [main] INFO  o.s.w.s.h.SimpleUrlHandlerMapping 362 - Mapped URL path [/**/favicon.ico] onto handler of type [class org.springframework.web.servlet.resource.ResourceHttpRequestHandler]
2018-04-28 15:52:14,475 [main] INFO  o.s.w.s.v.f.FreeMarkerConfigurer 127 - ClassTemplateLoader for Spring macros added to FreeMarker configuration
2018-04-28 15:52:15,017 [main] INFO  o.s.s.web.DefaultSecurityFilterChain 43 - Creating filter chain: OrRequestMatcher [requestMatchers=[Ant [pattern='/css/**'], Ant [pattern='/js/**'], Ant [pattern='/images/**'], Ant [pattern='/webjars/**'], Ant [pattern='/**/favicon.ico'], Ant [pattern='/error']]], []
2018-04-28 15:52:15,018 [main] INFO  o.s.s.web.DefaultSecurityFilterChain 43 - Creating filter chain: Ant [pattern='/**/*css*/**'], []
2018-04-28 15:52:15,018 [main] INFO  o.s.s.web.DefaultSecurityFilterChain 43 - Creating filter chain: Ant [pattern='/**/*js*/**'], []
2018-04-28 15:52:15,019 [main] INFO  o.s.s.web.DefaultSecurityFilterChain 43 - Creating filter chain: Ant [pattern='/**/*images*/**'], []
2018-04-28 15:52:15,219 [main] INFO  o.s.s.web.DefaultSecurityFilterChain 43 - Creating filter chain: org.springframework.security.web.util.matcher.AnyRequestMatcher@1, [org.springframework.security.web.context.request.async.WebAsyncManagerIntegrationFilter@4ba6ec50, org.springframework.security.web.context.SecurityContextPersistenceFilter@7d7cac8, org.springframework.security.web.header.HeaderWriterFilter@7ab4ae59, org.springframework.security.web.authentication.logout.LogoutFilter@3e4e4c1, org.springframework.security.web.authentication.UsernamePasswordAuthenticationFilter@6af5bbd0, org.springframework.security.web.authentication.ui.DefaultLoginPageGeneratingFilter@4397a639, org.springframework.security.web.savedrequest.RequestCacheAwareFilter@367f0121, org.springframework.security.web.servletapi.SecurityContextHolderAwareRequestFilter@39bbd9e0, org.springframework.security.web.authentication.AnonymousAuthenticationFilter@642413d4, org.springframework.security.web.session.SessionManagementFilter@5d96bdf8, org.springframework.security.web.access.ExceptionTranslationFilter@2e5b7fba, org.springframework.security.web.access.intercept.FilterSecurityInterceptor@6c6017b9]
2018-04-28 15:52:15,257 [main] INFO  o.s.s.web.DefaultSecurityFilterChain 43 - Creating filter chain: OrRequestMatcher [requestMatchers=[Ant [pattern='/**']]], [org.springframework.security.web.context.request.async.WebAsyncManagerIntegrationFilter@7a3e5cd3, org.springframework.security.web.context.SecurityContextPersistenceFilter@42fb8c87, org.springframework.security.web.header.HeaderWriterFilter@2f0bfe17, org.springframework.security.web.authentication.logout.LogoutFilter@34aeacd1, org.springframework.security.web.authentication.www.BasicAuthenticationFilter@54067fdc, org.springframework.security.web.savedrequest.RequestCacheAwareFilter@15eb0ae9, org.springframework.security.web.servletapi.SecurityContextHolderAwareRequestFilter@65e0b505, org.springframework.security.web.authentication.AnonymousAuthenticationFilter@3c79088e, org.springframework.security.web.session.SessionManagementFilter@3206174f, org.springframework.security.web.access.ExceptionTranslationFilter@370c1968, org.springframework.security.web.access.intercept.FilterSecurityInterceptor@5a02bfe3]
2018-04-28 15:52:15,619 [main] INFO  o.s.j.e.a.AnnotationMBeanExporter 431 - Registering beans for JMX exposure on startup
2018-04-28 15:52:15,657 [main] INFO  o.a.coyote.http11.Http11NioProtocol 179 - Initializing ProtocolHandler ["http-nio-8080"]
2018-04-28 15:52:15,694 [main] INFO  o.a.coyote.http11.Http11NioProtocol 179 - Starting ProtocolHandler ["http-nio-8080"]
2018-04-28 15:52:15,715 [main] INFO  o.a.tomcat.util.net.NioSelectorPool 179 - Using a shared selector for servlet write/read
2018-04-28 15:52:15,776 [main] INFO  o.s.b.c.e.t.TomcatEmbeddedServletContainer 201 - Tomcat started on port(s): 8080 (http)
2018-04-28 15:52:15,788 [main] INFO  com.hidm.usualsys.Application 57 - Started Application in 10.496 seconds (JVM running for 11.507)
2018-04-28 15:52:56,885 [http-nio-8080-exec-2] INFO  o.a.c.c.C.[Tomcat].[localhost].[/] 179 - Initializing Spring FrameworkServlet 'dispatcherServlet'
2018-04-28 15:52:56,887 [http-nio-8080-exec-2] INFO  o.s.web.servlet.DispatcherServlet 489 - FrameworkServlet 'dispatcherServlet': initialization started
2018-04-28 15:52:56,931 [http-nio-8080-exec-2] INFO  o.s.web.servlet.DispatcherServlet 508 - FrameworkServlet 'dispatcherServlet': initialization completed in 44 ms
2018-04-28 16:04:26,386 [main] INFO  com.hidm.usualsys.Application 48 - Starting Application on E100593-VM with PID 4136 (H:\codes\usual-sys\target\classes started by e100593 in H:\codes\usual-sys)
2018-04-28 16:04:26,394 [main] INFO  com.hidm.usualsys.Application 593 - No active profile set, falling back to default profiles: default
2018-04-28 16:04:26,518 [main] INFO  o.s.b.c.e.AnnotationConfigEmbeddedWebApplicationContext 583 - Refreshing org.springframework.boot.context.embedded.AnnotationConfigEmbeddedWebApplicationContext@7e07db1f: startup date [Sat Apr 28 16:04:26 CST 2018]; root of context hierarchy
2018-04-28 16:04:27,055 [background-preinit] INFO  o.h.validator.internal.util.Version 30 - HV000001: Hibernate Validator 5.3.6.Final
2018-04-28 16:04:28,168 [main] INFO  o.s.b.f.s.DefaultListableBeanFactory 828 - Overriding bean definition for bean 'dataSource' with a different definition: replacing [Root bean: class [null]; scope=; abstract=false; lazyInit=false; autowireMode=3; dependencyCheck=0; autowireCandidate=true; primary=false; factoryBeanName=org.springframework.boot.autoconfigure.jdbc.DataSourceConfiguration$Hikari; factoryMethodName=dataSource; initMethodName=null; destroyMethodName=(inferred); defined in class path resource [org/springframework/boot/autoconfigure/jdbc/DataSourceConfiguration$Hikari.class]] with [Root bean: class [null]; scope=; abstract=false; lazyInit=false; autowireMode=3; dependencyCheck=0; autowireCandidate=true; primary=false; factoryBeanName=org.springframework.boot.autoconfigure.jdbc.DataSourceConfiguration$Tomcat; factoryMethodName=dataSource; initMethodName=null; destroyMethodName=(inferred); defined in class path resource [org/springframework/boot/autoconfigure/jdbc/DataSourceConfiguration$Tomcat.class]]
2018-04-28 16:04:30,229 [main] INFO  o.s.b.c.e.t.TomcatEmbeddedServletContainer 89 - Tomcat initialized with port(s): 8080 (http)
2018-04-28 16:04:30,255 [main] INFO  o.a.catalina.core.StandardService 179 - Starting service [Tomcat]
2018-04-28 16:04:30,259 [main] INFO  o.a.catalina.core.StandardEngine 179 - Starting Servlet Engine: Apache Tomcat/8.5.23
2018-04-28 16:04:30,548 [localhost-startStop-1] INFO  o.a.c.c.C.[Tomcat].[localhost].[/] 179 - Initializing Spring embedded WebApplicationContext
2018-04-28 16:04:30,549 [localhost-startStop-1] INFO  o.s.web.context.ContextLoader 276 - Root WebApplicationContext: initialization completed in 4031 ms
2018-04-28 16:04:31,000 [localhost-startStop-1] INFO  o.s.b.w.s.FilterRegistrationBean 258 - Mapping filter: 'characterEncodingFilter' to: [/*]
2018-04-28 16:04:31,002 [localhost-startStop-1] INFO  o.s.b.w.s.FilterRegistrationBean 258 - Mapping filter: 'hiddenHttpMethodFilter' to: [/*]
2018-04-28 16:04:31,003 [localhost-startStop-1] INFO  o.s.b.w.s.FilterRegistrationBean 258 - Mapping filter: 'httpPutFormContentFilter' to: [/*]
2018-04-28 16:04:31,004 [localhost-startStop-1] INFO  o.s.b.w.s.FilterRegistrationBean 258 - Mapping filter: 'requestContextFilter' to: [/*]
2018-04-28 16:04:31,007 [localhost-startStop-1] INFO  o.s.b.w.s.DelegatingFilterProxyRegistrationBean 258 - Mapping filter: 'springSecurityFilterChain' to: [/*]
2018-04-28 16:04:31,007 [localhost-startStop-1] INFO  o.s.b.w.s.ServletRegistrationBean 190 - Mapping servlet: 'dispatcherServlet' to [/]
2018-04-28 16:04:32,949 [main] INFO  o.s.w.s.m.m.a.RequestMappingHandlerAdapter 534 - Looking for @ControllerAdvice: org.springframework.boot.context.embedded.AnnotationConfigEmbeddedWebApplicationContext@7e07db1f: startup date [Sat Apr 28 16:04:26 CST 2018]; root of context hierarchy
2018-04-28 16:04:33,261 [main] INFO  o.s.w.s.m.m.a.RequestMappingHandlerMapping 543 - Mapped "{[/usualsys/department/add]}" onto public java.lang.String com.hidm.usualsys.controller.DepartmentController.add(org.springframework.ui.Model,javax.servlet.http.HttpSession)
2018-04-28 16:04:33,264 [main] INFO  o.s.w.s.m.m.a.RequestMappingHandlerMapping 543 - Mapped "{[/usualsys/department/delete]}" onto public boolean com.hidm.usualsys.controller.DepartmentController.delete(java.lang.Long[],org.springframework.ui.Model,javax.servlet.http.HttpSession)
2018-04-28 16:04:33,264 [main] INFO  o.s.w.s.m.m.a.RequestMappingHandlerMapping 543 - Mapped "{[/usualsys/department/list]}" onto public java.lang.String com.hidm.usualsys.controller.DepartmentController.list(org.springframework.ui.Model,javax.servlet.http.HttpSession)
2018-04-28 16:04:33,266 [main] INFO  o.s.w.s.m.m.a.RequestMappingHandlerMapping 543 - Mapped "{[/usualsys/department/save]}" onto public boolean com.hidm.usualsys.controller.DepartmentController.save(com.hidm.usualsys.entity.Department,org.springframework.ui.Model,javax.servlet.http.HttpSession)
2018-04-28 16:04:33,267 [main] INFO  o.s.w.s.m.m.a.RequestMappingHandlerMapping 543 - Mapped "{[/usualsys/department/search]}" onto public java.util.Map<java.lang.String, java.lang.Object> com.hidm.usualsys.controller.DepartmentController.search(com.hidm.usualsys.entity.Department,com.hidm.usualsys.vo.PaginationVo,org.springframework.ui.Model,javax.servlet.http.HttpSession)
2018-04-28 16:04:33,268 [main] INFO  o.s.w.s.m.m.a.RequestMappingHandlerMapping 543 - Mapped "{[/usualsys/department/public/listcenter]}" onto public java.util.Map<java.lang.String, java.lang.Object> com.hidm.usualsys.controller.DepartmentController.listCenter(com.hidm.usualsys.entity.Department,com.hidm.usualsys.vo.PaginationVo,org.springframework.ui.Model,javax.servlet.http.HttpSession)
2018-04-28 16:04:33,269 [main] INFO  o.s.w.s.m.m.a.RequestMappingHandlerMapping 543 - Mapped "{[/usualsys/department/allcenter]}" onto public java.util.List<com.hidm.usualsys.entity.Department> com.hidm.usualsys.controller.DepartmentController.allCenter(com.hidm.usualsys.entity.Department,com.hidm.usualsys.vo.PaginationVo,org.springframework.ui.Model,javax.servlet.http.HttpSession)
2018-04-28 16:04:33,271 [main] INFO  o.s.w.s.m.m.a.RequestMappingHandlerMapping 543 - Mapped "{[/usualsys/error]}" onto public java.lang.String com.hidm.usualsys.controller.LoginController.error(javax.servlet.http.HttpSession)
2018-04-28 16:04:33,272 [main] INFO  o.s.w.s.m.m.a.RequestMappingHandlerMapping 543 - Mapped "{[/usualsys/main]}" onto public java.lang.String com.hidm.usualsys.controller.LoginController.index(javax.servlet.http.HttpSession)
2018-04-28 16:04:33,273 [main] INFO  o.s.w.s.m.m.a.RequestMappingHandlerMapping 543 - Mapped "{[/usualsys/login]}" onto public java.lang.String com.hidm.usualsys.controller.LoginController.login(javax.servlet.http.HttpSession)
2018-04-28 16:04:33,273 [main] INFO  o.s.w.s.m.m.a.RequestMappingHandlerMapping 543 - Mapped "{[/usualsys/doLogin]}" onto public java.lang.String com.hidm.usualsys.controller.LoginController.doLogin(java.lang.String,java.lang.String,org.springframework.ui.Model,javax.servlet.http.HttpSession)
2018-04-28 16:04:33,274 [main] INFO  o.s.w.s.m.m.a.RequestMappingHandlerMapping 543 - Mapped "{[/usualsys/logout]}" onto public java.lang.String com.hidm.usualsys.controller.LoginController.logout(javax.servlet.http.HttpSession)
2018-04-28 16:04:33,277 [main] INFO  o.s.w.s.m.m.a.RequestMappingHandlerMapping 543 - Mapped "{[/usualsys/usualsystem/add]}" onto public java.lang.String com.hidm.usualsys.controller.UsualSystemController.add(org.springframework.ui.Model,javax.servlet.http.HttpSession)
2018-04-28 16:04:33,278 [main] INFO  o.s.w.s.m.m.a.RequestMappingHandlerMapping 543 - Mapped "{[/usualsys/usualsystem/public/list]}" onto private java.lang.String com.hidm.usualsys.controller.UsualSystemController.list(org.springframework.ui.Model,javax.servlet.http.HttpSession)
2018-04-28 16:04:33,279 [main] INFO  o.s.w.s.m.m.a.RequestMappingHandlerMapping 543 - Mapped "{[/usualsys/usualsystem/public/search]}" onto private java.util.Map<java.lang.String, java.lang.Object> com.hidm.usualsys.controller.UsualSystemController.search(com.hidm.usualsys.entity.UsualSystem,com.hidm.usualsys.vo.PaginationVo,org.springframework.ui.Model,javax.servlet.http.HttpSession)
2018-04-28 16:04:33,280 [main] INFO  o.s.w.s.m.m.a.RequestMappingHandlerMapping 543 - Mapped "{[/usualsys/usualfile/save]}" onto public java.lang.String com.hidm.usualsys.controller.UsualSystemController.saveFile(com.hidm.usualsys.entity.UsualFile,org.springframework.ui.Model,javax.servlet.http.HttpSession)
2018-04-28 16:04:33,280 [main] INFO  o.s.w.s.m.m.a.RequestMappingHandlerMapping 543 - Mapped "{[/usualsys/usualsystem/managefile]}" onto public java.lang.String com.hidm.usualsys.controller.UsualSystemController.manageFile(org.springframework.ui.Model,javax.servlet.http.HttpSession)
2018-04-28 16:04:33,281 [main] INFO  o.s.w.s.m.m.a.RequestMappingHandlerMapping 543 - Mapped "{[/usualsys/usualsystem/save]}" onto public java.lang.String com.hidm.usualsys.controller.UsualSystemController.saveSystem(com.hidm.usualsys.entity.UsualSystem,org.springframework.ui.Model,javax.servlet.http.HttpSession)
2018-04-28 16:04:33,282 [main] INFO  o.s.w.s.m.m.a.RequestMappingHandlerMapping 543 - Mapped "{[/usualsys/usualsystem/managesystem]}" onto public java.lang.String com.hidm.usualsys.controller.UsualSystemController.manageSystem(org.springframework.ui.Model,javax.servlet.http.HttpSession)
2018-04-28 16:04:33,294 [main] INFO  o.s.w.s.m.m.a.RequestMappingHandlerMapping 543 - Mapped "{[/usualsys/usualsystem/delete]}" onto public boolean com.hidm.usualsys.controller.UsualSystemController.deleteSystem(java.lang.Long[],org.springframework.ui.Model,javax.servlet.http.HttpSession)
2018-04-28 16:04:33,295 [main] INFO  o.s.w.s.m.m.a.RequestMappingHandlerMapping 543 - Mapped "{[/usualsys/usualfile/delete]}" onto public boolean com.hidm.usualsys.controller.UsualSystemController.deleteFile(java.lang.Long[],org.springframework.ui.Model,javax.servlet.http.HttpSession)
2018-04-28 16:04:33,297 [main] INFO  o.s.w.s.m.m.a.RequestMappingHandlerMapping 543 - Mapped "{[/usualsys/usualfile/public/search]}" onto public java.util.Map<java.lang.String, java.lang.Object> com.hidm.usualsys.controller.UsualSystemController.searchUsualFile(com.hidm.usualsys.entity.UsualFile,com.hidm.usualsys.vo.PaginationVo,org.springframework.ui.Model,javax.servlet.http.HttpSession)
2018-04-28 16:04:33,302 [main] INFO  o.s.w.s.m.m.a.RequestMappingHandlerMapping 543 - Mapped "{[/error]}" onto public org.springframework.http.ResponseEntity<java.util.Map<java.lang.String, java.lang.Object>> org.springframework.boot.autoconfigure.web.BasicErrorController.error(javax.servlet.http.HttpServletRequest)
2018-04-28 16:04:33,304 [main] INFO  o.s.w.s.m.m.a.RequestMappingHandlerMapping 543 - Mapped "{[/error],produces=[text/html]}" onto public org.springframework.web.servlet.ModelAndView org.springframework.boot.autoconfigure.web.BasicErrorController.errorHtml(javax.servlet.http.HttpServletRequest,javax.servlet.http.HttpServletResponse)
2018-04-28 16:04:33,358 [main] INFO  o.s.w.s.h.SimpleUrlHandlerMapping 362 - Mapped URL path [/webjars/**] onto handler of type [class org.springframework.web.servlet.resource.ResourceHttpRequestHandler]
2018-04-28 16:04:33,359 [main] INFO  o.s.w.s.h.SimpleUrlHandlerMapping 362 - Mapped URL path [/**] onto handler of type [class org.springframework.web.servlet.resource.ResourceHttpRequestHandler]
2018-04-28 16:04:33,432 [main] INFO  o.s.w.s.h.SimpleUrlHandlerMapping 362 - Mapped URL path [/**/favicon.ico] onto handler of type [class org.springframework.web.servlet.resource.ResourceHttpRequestHandler]
2018-04-28 16:04:33,959 [main] INFO  o.s.w.s.v.f.FreeMarkerConfigurer 127 - ClassTemplateLoader for Spring macros added to FreeMarker configuration
2018-04-28 16:04:34,421 [main] INFO  o.s.s.web.DefaultSecurityFilterChain 43 - Creating filter chain: OrRequestMatcher [requestMatchers=[Ant [pattern='/css/**'], Ant [pattern='/js/**'], Ant [pattern='/images/**'], Ant [pattern='/webjars/**'], Ant [pattern='/**/favicon.ico'], Ant [pattern='/error']]], []
2018-04-28 16:04:34,423 [main] INFO  o.s.s.web.DefaultSecurityFilterChain 43 - Creating filter chain: Ant [pattern='/**/*css*/**'], []
2018-04-28 16:04:34,424 [main] INFO  o.s.s.web.DefaultSecurityFilterChain 43 - Creating filter chain: Ant [pattern='/**/*js*/**'], []
2018-04-28 16:04:34,425 [main] INFO  o.s.s.web.DefaultSecurityFilterChain 43 - Creating filter chain: Ant [pattern='/**/*images*/**'], []
2018-04-28 16:04:34,692 [main] INFO  o.s.s.web.DefaultSecurityFilterChain 43 - Creating filter chain: org.springframework.security.web.util.matcher.AnyRequestMatcher@1, [org.springframework.security.web.context.request.async.WebAsyncManagerIntegrationFilter@4fe64d23, org.springframework.security.web.context.SecurityContextPersistenceFilter@4f0cab0a, org.springframework.security.web.header.HeaderWriterFilter@6a2c717f, org.springframework.security.web.authentication.logout.LogoutFilter@27fe9713, org.springframework.security.web.authentication.UsernamePasswordAuthenticationFilter@77c233af, org.springframework.security.web.authentication.ui.DefaultLoginPageGeneratingFilter@1df1ced0, org.springframework.security.web.savedrequest.RequestCacheAwareFilter@7ab4ae59, org.springframework.security.web.servletapi.SecurityContextHolderAwareRequestFilter@367f0121, org.springframework.security.web.authentication.AnonymousAuthenticationFilter@58437801, org.springframework.security.web.session.SessionManagementFilter@60d40ff4, org.springframework.security.web.access.ExceptionTranslationFilter@78e17a99, org.springframework.security.web.access.intercept.FilterSecurityInterceptor@553bc36c]
2018-04-28 16:04:34,726 [main] INFO  o.s.s.web.DefaultSecurityFilterChain 43 - Creating filter chain: OrRequestMatcher [requestMatchers=[Ant [pattern='/**']]], [org.springframework.security.web.context.request.async.WebAsyncManagerIntegrationFilter@6deee370, org.springframework.security.web.context.SecurityContextPersistenceFilter@767f6ee7, org.springframework.security.web.header.HeaderWriterFilter@5114b7c7, org.springframework.security.web.authentication.logout.LogoutFilter@2f0bfe17, org.springframework.security.web.authentication.www.BasicAuthenticationFilter@3206174f, org.springframework.security.web.savedrequest.RequestCacheAwareFilter@7b6c6e70, org.springframework.security.web.servletapi.SecurityContextHolderAwareRequestFilter@f324455, org.springframework.security.web.authentication.AnonymousAuthenticationFilter@49c17ba4, org.springframework.security.web.session.SessionManagementFilter@dd71b20, org.springframework.security.web.access.ExceptionTranslationFilter@6f9c5048, org.springframework.security.web.access.intercept.FilterSecurityInterceptor@557a84fe]
2018-04-28 16:04:35,061 [main] INFO  o.s.j.e.a.AnnotationMBeanExporter 431 - Registering beans for JMX exposure on startup
2018-04-28 16:04:35,092 [main] INFO  o.a.coyote.http11.Http11NioProtocol 179 - Initializing ProtocolHandler ["http-nio-8080"]
2018-04-28 16:04:35,134 [main] INFO  o.a.coyote.http11.Http11NioProtocol 179 - Starting ProtocolHandler ["http-nio-8080"]
2018-04-28 16:04:35,153 [main] INFO  o.a.tomcat.util.net.NioSelectorPool 179 - Using a shared selector for servlet write/read
2018-04-28 16:04:35,219 [main] INFO  o.s.b.c.e.t.TomcatEmbeddedServletContainer 201 - Tomcat started on port(s): 8080 (http)
2018-04-28 16:04:35,230 [main] INFO  com.hidm.usualsys.Application 57 - Started Application in 10.089 seconds (JVM running for 10.852)
2018-04-28 16:04:45,629 [http-nio-8080-exec-1] INFO  o.a.c.c.C.[Tomcat].[localhost].[/] 179 - Initializing Spring FrameworkServlet 'dispatcherServlet'
2018-04-28 16:04:45,630 [http-nio-8080-exec-1] INFO  o.s.web.servlet.DispatcherServlet 489 - FrameworkServlet 'dispatcherServlet': initialization started
2018-04-28 16:04:45,680 [http-nio-8080-exec-1] INFO  o.s.web.servlet.DispatcherServlet 508 - FrameworkServlet 'dispatcherServlet': initialization completed in 50 ms
2018-04-28 16:17:00,843 [main] INFO  com.hidm.usualsys.Application 48 - Starting Application on E100593-VM with PID 12804 (H:\codes\usual-sys\target\classes started by e100593 in H:\codes\usual-sys)
2018-04-28 16:17:00,852 [main] INFO  com.hidm.usualsys.Application 593 - No active profile set, falling back to default profiles: default
2018-04-28 16:17:00,965 [main] INFO  o.s.b.c.e.AnnotationConfigEmbeddedWebApplicationContext 583 - Refreshing org.springframework.boot.context.embedded.AnnotationConfigEmbeddedWebApplicationContext@7e07db1f: startup date [Sat Apr 28 16:17:00 CST 2018]; root of context hierarchy
2018-04-28 16:17:01,486 [background-preinit] INFO  o.h.validator.internal.util.Version 30 - HV000001: Hibernate Validator 5.3.6.Final
2018-04-28 16:17:02,586 [main] INFO  o.s.b.f.s.DefaultListableBeanFactory 828 - Overriding bean definition for bean 'dataSource' with a different definition: replacing [Root bean: class [null]; scope=; abstract=false; lazyInit=false; autowireMode=3; dependencyCheck=0; autowireCandidate=true; primary=false; factoryBeanName=org.springframework.boot.autoconfigure.jdbc.DataSourceConfiguration$Hikari; factoryMethodName=dataSource; initMethodName=null; destroyMethodName=(inferred); defined in class path resource [org/springframework/boot/autoconfigure/jdbc/DataSourceConfiguration$Hikari.class]] with [Root bean: class [null]; scope=; abstract=false; lazyInit=false; autowireMode=3; dependencyCheck=0; autowireCandidate=true; primary=false; factoryBeanName=org.springframework.boot.autoconfigure.jdbc.DataSourceConfiguration$Tomcat; factoryMethodName=dataSource; initMethodName=null; destroyMethodName=(inferred); defined in class path resource [org/springframework/boot/autoconfigure/jdbc/DataSourceConfiguration$Tomcat.class]]
2018-04-28 16:17:04,853 [main] INFO  o.s.b.c.e.t.TomcatEmbeddedServletContainer 89 - Tomcat initialized with port(s): 8081 (http)
2018-04-28 16:17:04,883 [main] INFO  o.a.catalina.core.StandardService 179 - Starting service [Tomcat]
2018-04-28 16:17:04,888 [main] INFO  o.a.catalina.core.StandardEngine 179 - Starting Servlet Engine: Apache Tomcat/8.5.23
2018-04-28 16:17:05,190 [localhost-startStop-1] INFO  o.a.c.c.C.[Tomcat].[localhost].[/] 179 - Initializing Spring embedded WebApplicationContext
2018-04-28 16:17:05,192 [localhost-startStop-1] INFO  o.s.web.context.ContextLoader 276 - Root WebApplicationContext: initialization completed in 4227 ms
2018-04-28 16:17:05,695 [localhost-startStop-1] INFO  o.s.b.w.s.FilterRegistrationBean 258 - Mapping filter: 'characterEncodingFilter' to: [/*]
2018-04-28 16:17:05,698 [localhost-startStop-1] INFO  o.s.b.w.s.FilterRegistrationBean 258 - Mapping filter: 'hiddenHttpMethodFilter' to: [/*]
2018-04-28 16:17:05,700 [localhost-startStop-1] INFO  o.s.b.w.s.FilterRegistrationBean 258 - Mapping filter: 'httpPutFormContentFilter' to: [/*]
2018-04-28 16:17:05,701 [localhost-startStop-1] INFO  o.s.b.w.s.FilterRegistrationBean 258 - Mapping filter: 'requestContextFilter' to: [/*]
2018-04-28 16:17:05,704 [localhost-startStop-1] INFO  o.s.b.w.s.DelegatingFilterProxyRegistrationBean 258 - Mapping filter: 'springSecurityFilterChain' to: [/*]
2018-04-28 16:17:05,706 [localhost-startStop-1] INFO  o.s.b.w.s.ServletRegistrationBean 190 - Mapping servlet: 'dispatcherServlet' to [/]
2018-04-28 16:17:08,215 [main] INFO  o.s.w.s.m.m.a.RequestMappingHandlerAdapter 534 - Looking for @ControllerAdvice: org.springframework.boot.context.embedded.AnnotationConfigEmbeddedWebApplicationContext@7e07db1f: startup date [Sat Apr 28 16:17:00 CST 2018]; root of context hierarchy
2018-04-28 16:17:08,623 [main] INFO  o.s.w.s.m.m.a.RequestMappingHandlerMapping 543 - Mapped "{[/usualsys/department/add]}" onto public java.lang.String com.hidm.usualsys.controller.DepartmentController.add(org.springframework.ui.Model,javax.servlet.http.HttpSession)
2018-04-28 16:17:08,627 [main] INFO  o.s.w.s.m.m.a.RequestMappingHandlerMapping 543 - Mapped "{[/usualsys/department/delete]}" onto public boolean com.hidm.usualsys.controller.DepartmentController.delete(java.lang.Long[],org.springframework.ui.Model,javax.servlet.http.HttpSession)
2018-04-28 16:17:08,629 [main] INFO  o.s.w.s.m.m.a.RequestMappingHandlerMapping 543 - Mapped "{[/usualsys/department/list]}" onto public java.lang.String com.hidm.usualsys.controller.DepartmentController.list(org.springframework.ui.Model,javax.servlet.http.HttpSession)
2018-04-28 16:17:08,630 [main] INFO  o.s.w.s.m.m.a.RequestMappingHandlerMapping 543 - Mapped "{[/usualsys/department/save]}" onto public boolean com.hidm.usualsys.controller.DepartmentController.save(com.hidm.usualsys.entity.Department,org.springframework.ui.Model,javax.servlet.http.HttpSession)
2018-04-28 16:17:08,631 [main] INFO  o.s.w.s.m.m.a.RequestMappingHandlerMapping 543 - Mapped "{[/usualsys/department/search]}" onto public java.util.Map<java.lang.String, java.lang.Object> com.hidm.usualsys.controller.DepartmentController.search(com.hidm.usualsys.entity.Department,com.hidm.usualsys.vo.PaginationVo,org.springframework.ui.Model,javax.servlet.http.HttpSession)
2018-04-28 16:17:08,633 [main] INFO  o.s.w.s.m.m.a.RequestMappingHandlerMapping 543 - Mapped "{[/usualsys/department/allcenter]}" onto public java.util.List<com.hidm.usualsys.entity.Department> com.hidm.usualsys.controller.DepartmentController.allCenter(com.hidm.usualsys.entity.Department,com.hidm.usualsys.vo.PaginationVo,org.springframework.ui.Model,javax.servlet.http.HttpSession)
2018-04-28 16:17:08,646 [main] INFO  o.s.w.s.m.m.a.RequestMappingHandlerMapping 543 - Mapped "{[/usualsys/department/public/listcenter]}" onto public java.util.Map<java.lang.String, java.lang.Object> com.hidm.usualsys.controller.DepartmentController.listCenter(com.hidm.usualsys.entity.Department,com.hidm.usualsys.vo.PaginationVo,org.springframework.ui.Model,javax.servlet.http.HttpSession)
2018-04-28 16:17:08,658 [main] INFO  o.s.w.s.m.m.a.RequestMappingHandlerMapping 543 - Mapped "{[/usualsys/error]}" onto public java.lang.String com.hidm.usualsys.controller.LoginController.error(javax.servlet.http.HttpSession)
2018-04-28 16:17:08,665 [main] INFO  o.s.w.s.m.m.a.RequestMappingHandlerMapping 543 - Mapped "{[/usualsys/main]}" onto public java.lang.String com.hidm.usualsys.controller.LoginController.index(javax.servlet.http.HttpSession)
2018-04-28 16:17:08,667 [main] INFO  o.s.w.s.m.m.a.RequestMappingHandlerMapping 543 - Mapped "{[/usualsys/login]}" onto public java.lang.String com.hidm.usualsys.controller.LoginController.login(javax.servlet.http.HttpSession)
2018-04-28 16:17:08,670 [main] INFO  o.s.w.s.m.m.a.RequestMappingHandlerMapping 543 - Mapped "{[/usualsys/logout]}" onto public java.lang.String com.hidm.usualsys.controller.LoginController.logout(javax.servlet.http.HttpSession)
2018-04-28 16:17:08,672 [main] INFO  o.s.w.s.m.m.a.RequestMappingHandlerMapping 543 - Mapped "{[/usualsys/doLogin]}" onto public java.lang.String com.hidm.usualsys.controller.LoginController.doLogin(java.lang.String,java.lang.String,org.springframework.ui.Model,javax.servlet.http.HttpSession)
2018-04-28 16:17:08,680 [main] INFO  o.s.w.s.m.m.a.RequestMappingHandlerMapping 543 - Mapped "{[/usualsys/usualsystem/add]}" onto public java.lang.String com.hidm.usualsys.controller.UsualSystemController.add(org.springframework.ui.Model,javax.servlet.http.HttpSession)
2018-04-28 16:17:08,695 [main] INFO  o.s.w.s.m.m.a.RequestMappingHandlerMapping 543 - Mapped "{[/usualsys/usualsystem/public/list]}" onto public java.lang.String com.hidm.usualsys.controller.UsualSystemController.list(org.springframework.ui.Model,javax.servlet.http.HttpSession)
2018-04-28 16:17:08,699 [main] INFO  o.s.w.s.m.m.a.RequestMappingHandlerMapping 543 - Mapped "{[/usualsys/usualsystem/public/search]}" onto public java.util.Map<java.lang.String, java.lang.Object> com.hidm.usualsys.controller.UsualSystemController.search(com.hidm.usualsys.entity.UsualSystem,com.hidm.usualsys.vo.PaginationVo,org.springframework.ui.Model,javax.servlet.http.HttpSession)
2018-04-28 16:17:08,701 [main] INFO  o.s.w.s.m.m.a.RequestMappingHandlerMapping 543 - Mapped "{[/usualsys/usualfile/save]}" onto public java.lang.String com.hidm.usualsys.controller.UsualSystemController.saveFile(com.hidm.usualsys.entity.UsualFile,org.springframework.ui.Model,javax.servlet.http.HttpSession)
2018-04-28 16:17:08,703 [main] INFO  o.s.w.s.m.m.a.RequestMappingHandlerMapping 543 - Mapped "{[/usualsys/usualsystem/save]}" onto public java.lang.String com.hidm.usualsys.controller.UsualSystemController.saveSystem(com.hidm.usualsys.entity.UsualSystem,org.springframework.ui.Model,javax.servlet.http.HttpSession)
2018-04-28 16:17:08,704 [main] INFO  o.s.w.s.m.m.a.RequestMappingHandlerMapping 543 - Mapped "{[/usualsys/usualsystem/managefile]}" onto public java.lang.String com.hidm.usualsys.controller.UsualSystemController.manageFile(org.springframework.ui.Model,javax.servlet.http.HttpSession)
2018-04-28 16:17:08,706 [main] INFO  o.s.w.s.m.m.a.RequestMappingHandlerMapping 543 - Mapped "{[/usualsys/usualsystem/managesystem]}" onto public java.lang.String com.hidm.usualsys.controller.UsualSystemController.manageSystem(org.springframework.ui.Model,javax.servlet.http.HttpSession)
2018-04-28 16:17:08,712 [main] INFO  o.s.w.s.m.m.a.RequestMappingHandlerMapping 543 - Mapped "{[/usualsys/usualsystem/delete]}" onto public boolean com.hidm.usualsys.controller.UsualSystemController.deleteSystem(java.lang.Long[],org.springframework.ui.Model,javax.servlet.http.HttpSession)
2018-04-28 16:17:08,713 [main] INFO  o.s.w.s.m.m.a.RequestMappingHandlerMapping 543 - Mapped "{[/usualsys/usualfile/delete]}" onto public boolean com.hidm.usualsys.controller.UsualSystemController.deleteFile(java.lang.Long[],org.springframework.ui.Model,javax.servlet.http.HttpSession)
2018-04-28 16:17:08,716 [main] INFO  o.s.w.s.m.m.a.RequestMappingHandlerMapping 543 - Mapped "{[/usualsys/usualfile/public/search]}" onto public java.util.Map<java.lang.String, java.lang.Object> com.hidm.usualsys.controller.UsualSystemController.searchUsualFile(com.hidm.usualsys.entity.UsualFile,com.hidm.usualsys.vo.PaginationVo,org.springframework.ui.Model,javax.servlet.http.HttpSession)
2018-04-28 16:17:08,732 [main] INFO  o.s.w.s.m.m.a.RequestMappingHandlerMapping 543 - Mapped "{[/error]}" onto public org.springframework.http.ResponseEntity<java.util.Map<java.lang.String, java.lang.Object>> org.springframework.boot.autoconfigure.web.BasicErrorController.error(javax.servlet.http.HttpServletRequest)
2018-04-28 16:17:08,734 [main] INFO  o.s.w.s.m.m.a.RequestMappingHandlerMapping 543 - Mapped "{[/error],produces=[text/html]}" onto public org.springframework.web.servlet.ModelAndView org.springframework.boot.autoconfigure.web.BasicErrorController.errorHtml(javax.servlet.http.HttpServletRequest,javax.servlet.http.HttpServletResponse)
2018-04-28 16:17:09,035 [main] INFO  o.s.w.s.h.SimpleUrlHandlerMapping 362 - Mapped URL path [/webjars/**] onto handler of type [class org.springframework.web.servlet.resource.ResourceHttpRequestHandler]
2018-04-28 16:17:09,037 [main] INFO  o.s.w.s.h.SimpleUrlHandlerMapping 362 - Mapped URL path [/**] onto handler of type [class org.springframework.web.servlet.resource.ResourceHttpRequestHandler]
2018-04-28 16:17:09,178 [main] INFO  o.s.w.s.h.SimpleUrlHandlerMapping 362 - Mapped URL path [/**/favicon.ico] onto handler of type [class org.springframework.web.servlet.resource.ResourceHttpRequestHandler]
2018-04-28 16:17:10,011 [main] INFO  o.s.w.s.v.f.FreeMarkerConfigurer 127 - ClassTemplateLoader for Spring macros added to FreeMarker configuration
2018-04-28 16:17:10,490 [main] INFO  o.s.s.web.DefaultSecurityFilterChain 43 - Creating filter chain: OrRequestMatcher [requestMatchers=[Ant [pattern='/css/**'], Ant [pattern='/js/**'], Ant [pattern='/images/**'], Ant [pattern='/webjars/**'], Ant [pattern='/**/favicon.ico'], Ant [pattern='/error']]], []
2018-04-28 16:17:10,492 [main] INFO  o.s.s.web.DefaultSecurityFilterChain 43 - Creating filter chain: Ant [pattern='/**/*css*/**'], []
2018-04-28 16:17:10,492 [main] INFO  o.s.s.web.DefaultSecurityFilterChain 43 - Creating filter chain: Ant [pattern='/**/*js*/**'], []
2018-04-28 16:17:10,493 [main] INFO  o.s.s.web.DefaultSecurityFilterChain 43 - Creating filter chain: Ant [pattern='/**/*images*/**'], []
2018-04-28 16:17:10,811 [main] INFO  o.s.s.web.DefaultSecurityFilterChain 43 - Creating filter chain: org.springframework.security.web.util.matcher.AnyRequestMatcher@1, [org.springframework.security.web.context.request.async.WebAsyncManagerIntegrationFilter@3f183caa, org.springframework.security.web.context.SecurityContextPersistenceFilter@441b8382, org.springframework.security.web.header.HeaderWriterFilter@306f6f1d, org.springframework.security.web.authentication.logout.LogoutFilter@6242ae3b, org.springframework.security.web.authentication.UsernamePasswordAuthenticationFilter@f1868c9, org.springframework.security.web.authentication.ui.DefaultLoginPageGeneratingFilter@77f68df, org.springframework.security.web.savedrequest.RequestCacheAwareFilter@5349b246, org.springframework.security.web.servletapi.SecurityContextHolderAwareRequestFilter@24841372, org.springframework.security.web.authentication.AnonymousAuthenticationFilter@7b66322e, org.springframework.security.web.session.SessionManagementFilter@6fc6deb7, org.springframework.security.web.access.ExceptionTranslationFilter@7ab4ae59, org.springframework.security.web.access.intercept.FilterSecurityInterceptor@77c233af]
2018-04-28 16:17:10,935 [main] INFO  o.s.s.web.DefaultSecurityFilterChain 43 - Creating filter chain: OrRequestMatcher [requestMatchers=[Ant [pattern='/**']]], [org.springframework.security.web.context.request.async.WebAsyncManagerIntegrationFilter@d5556bf, org.springframework.security.web.context.SecurityContextPersistenceFilter@795f5d51, org.springframework.security.web.header.HeaderWriterFilter@65e0b505, org.springframework.security.web.authentication.logout.LogoutFilter@2274160, org.springframework.security.web.authentication.www.BasicAuthenticationFilter@65383667, org.springframework.security.web.savedrequest.RequestCacheAwareFilter@34aeacd1, org.springframework.security.web.servletapi.SecurityContextHolderAwareRequestFilter@54067fdc, org.springframework.security.web.authentication.AnonymousAuthenticationFilter@791c12e3, org.springframework.security.web.session.SessionManagementFilter@67de7a99, org.springframework.security.web.access.ExceptionTranslationFilter@15eb0ae9, org.springframework.security.web.access.intercept.FilterSecurityInterceptor@5854a18]
2018-04-28 16:17:11,740 [main] INFO  o.s.j.e.a.AnnotationMBeanExporter 431 - Registering beans for JMX exposure on startup
2018-04-28 16:17:11,776 [main] INFO  o.a.coyote.http11.Http11NioProtocol 179 - Initializing ProtocolHandler ["http-nio-8081"]
2018-04-28 16:17:12,291 [main] INFO  o.a.coyote.http11.Http11NioProtocol 179 - Starting ProtocolHandler ["http-nio-8081"]
2018-04-28 16:17:12,317 [main] INFO  o.a.tomcat.util.net.NioSelectorPool 179 - Using a shared selector for servlet write/read
2018-04-28 16:17:12,495 [main] INFO  o.s.b.c.e.t.TomcatEmbeddedServletContainer 201 - Tomcat started on port(s): 8081 (http)
2018-04-28 16:17:12,566 [main] INFO  com.hidm.usualsys.Application 57 - Started Application in 12.951 seconds (JVM running for 13.711)
2018-04-28 16:17:30,614 [http-nio-8081-exec-1] INFO  o.a.c.c.C.[Tomcat].[localhost].[/] 179 - Initializing Spring FrameworkServlet 'dispatcherServlet'
2018-04-28 16:17:30,616 [http-nio-8081-exec-1] INFO  o.s.web.servlet.DispatcherServlet 489 - FrameworkServlet 'dispatcherServlet': initialization started
2018-04-28 16:17:30,674 [http-nio-8081-exec-1] INFO  o.s.web.servlet.DispatcherServlet 508 - FrameworkServlet 'dispatcherServlet': initialization completed in 58 ms
2018-04-28 16:19:45,414 [main] INFO  com.hidm.usualsys.Application 48 - Starting Application on E100593-VM with PID 3428 (H:\codes\usual-sys\target\classes started by e100593 in H:\codes\usual-sys)
2018-04-28 16:19:45,423 [main] INFO  com.hidm.usualsys.Application 593 - No active profile set, falling back to default profiles: default
2018-04-28 16:19:45,533 [main] INFO  o.s.b.c.e.AnnotationConfigEmbeddedWebApplicationContext 583 - Refreshing org.springframework.boot.context.embedded.AnnotationConfigEmbeddedWebApplicationContext@7e07db1f: startup date [Sat Apr 28 16:19:45 CST 2018]; root of context hierarchy
2018-04-28 16:19:46,054 [background-preinit] INFO  o.h.validator.internal.util.Version 30 - HV000001: Hibernate Validator 5.3.6.Final
2018-04-28 16:19:47,162 [main] INFO  o.s.b.f.s.DefaultListableBeanFactory 828 - Overriding bean definition for bean 'dataSource' with a different definition: replacing [Root bean: class [null]; scope=; abstract=false; lazyInit=false; autowireMode=3; dependencyCheck=0; autowireCandidate=true; primary=false; factoryBeanName=org.springframework.boot.autoconfigure.jdbc.DataSourceConfiguration$Hikari; factoryMethodName=dataSource; initMethodName=null; destroyMethodName=(inferred); defined in class path resource [org/springframework/boot/autoconfigure/jdbc/DataSourceConfiguration$Hikari.class]] with [Root bean: class [null]; scope=; abstract=false; lazyInit=false; autowireMode=3; dependencyCheck=0; autowireCandidate=true; primary=false; factoryBeanName=org.springframework.boot.autoconfigure.jdbc.DataSourceConfiguration$Tomcat; factoryMethodName=dataSource; initMethodName=null; destroyMethodName=(inferred); defined in class path resource [org/springframework/boot/autoconfigure/jdbc/DataSourceConfiguration$Tomcat.class]]
2018-04-28 16:19:49,176 [main] INFO  o.s.b.c.e.t.TomcatEmbeddedServletContainer 89 - Tomcat initialized with port(s): 8081 (http)
2018-04-28 16:19:49,200 [main] INFO  o.a.catalina.core.StandardService 179 - Starting service [Tomcat]
2018-04-28 16:19:49,204 [main] INFO  o.a.catalina.core.StandardEngine 179 - Starting Servlet Engine: Apache Tomcat/8.5.23
2018-04-28 16:19:49,491 [localhost-startStop-1] INFO  o.a.c.c.C.[Tomcat].[localhost].[/] 179 - Initializing Spring embedded WebApplicationContext
2018-04-28 16:19:49,495 [localhost-startStop-1] INFO  o.s.web.context.ContextLoader 276 - Root WebApplicationContext: initialization completed in 3962 ms
2018-04-28 16:19:49,918 [localhost-startStop-1] INFO  o.s.b.w.s.FilterRegistrationBean 258 - Mapping filter: 'characterEncodingFilter' to: [/*]
2018-04-28 16:19:49,920 [localhost-startStop-1] INFO  o.s.b.w.s.FilterRegistrationBean 258 - Mapping filter: 'hiddenHttpMethodFilter' to: [/*]
2018-04-28 16:19:49,921 [localhost-startStop-1] INFO  o.s.b.w.s.FilterRegistrationBean 258 - Mapping filter: 'httpPutFormContentFilter' to: [/*]
2018-04-28 16:19:49,921 [localhost-startStop-1] INFO  o.s.b.w.s.FilterRegistrationBean 258 - Mapping filter: 'requestContextFilter' to: [/*]
2018-04-28 16:19:49,925 [localhost-startStop-1] INFO  o.s.b.w.s.DelegatingFilterProxyRegistrationBean 258 - Mapping filter: 'springSecurityFilterChain' to: [/*]
2018-04-28 16:19:49,925 [localhost-startStop-1] INFO  o.s.b.w.s.ServletRegistrationBean 190 - Mapping servlet: 'dispatcherServlet' to [/]
2018-04-28 16:19:51,831 [main] INFO  o.s.w.s.m.m.a.RequestMappingHandlerAdapter 534 - Looking for @ControllerAdvice: org.springframework.boot.context.embedded.AnnotationConfigEmbeddedWebApplicationContext@7e07db1f: startup date [Sat Apr 28 16:19:45 CST 2018]; root of context hierarchy
2018-04-28 16:19:52,168 [main] INFO  o.s.w.s.m.m.a.RequestMappingHandlerMapping 543 - Mapped "{[/usualsys/department/add]}" onto public java.lang.String com.hidm.usualsys.controller.DepartmentController.add(org.springframework.ui.Model,javax.servlet.http.HttpSession)
2018-04-28 16:19:52,172 [main] INFO  o.s.w.s.m.m.a.RequestMappingHandlerMapping 543 - Mapped "{[/usualsys/department/delete]}" onto public boolean com.hidm.usualsys.controller.DepartmentController.delete(java.lang.Long[],org.springframework.ui.Model,javax.servlet.http.HttpSession)
2018-04-28 16:19:52,174 [main] INFO  o.s.w.s.m.m.a.RequestMappingHandlerMapping 543 - Mapped "{[/usualsys/department/list]}" onto public java.lang.String com.hidm.usualsys.controller.DepartmentController.list(org.springframework.ui.Model,javax.servlet.http.HttpSession)
2018-04-28 16:19:52,175 [main] INFO  o.s.w.s.m.m.a.RequestMappingHandlerMapping 543 - Mapped "{[/usualsys/department/save]}" onto public boolean com.hidm.usualsys.controller.DepartmentController.save(com.hidm.usualsys.entity.Department,org.springframework.ui.Model,javax.servlet.http.HttpSession)
2018-04-28 16:19:52,176 [main] INFO  o.s.w.s.m.m.a.RequestMappingHandlerMapping 543 - Mapped "{[/usualsys/department/search]}" onto public java.util.Map<java.lang.String, java.lang.Object> com.hidm.usualsys.controller.DepartmentController.search(com.hidm.usualsys.entity.Department,com.hidm.usualsys.vo.PaginationVo,org.springframework.ui.Model,javax.servlet.http.HttpSession)
2018-04-28 16:19:52,177 [main] INFO  o.s.w.s.m.m.a.RequestMappingHandlerMapping 543 - Mapped "{[/usualsys/department/public/listcenter]}" onto public java.util.Map<java.lang.String, java.lang.Object> com.hidm.usualsys.controller.DepartmentController.listCenter(com.hidm.usualsys.entity.Department,com.hidm.usualsys.vo.PaginationVo,org.springframework.ui.Model,javax.servlet.http.HttpSession)
2018-04-28 16:19:52,178 [main] INFO  o.s.w.s.m.m.a.RequestMappingHandlerMapping 543 - Mapped "{[/usualsys/department/allcenter]}" onto public java.util.List<com.hidm.usualsys.entity.Department> com.hidm.usualsys.controller.DepartmentController.allCenter(com.hidm.usualsys.entity.Department,com.hidm.usualsys.vo.PaginationVo,org.springframework.ui.Model,javax.servlet.http.HttpSession)
2018-04-28 16:19:52,179 [main] INFO  o.s.w.s.m.m.a.RequestMappingHandlerMapping 543 - Mapped "{[/usualsys/error]}" onto public java.lang.String com.hidm.usualsys.controller.LoginController.error(javax.servlet.http.HttpSession)
2018-04-28 16:19:52,181 [main] INFO  o.s.w.s.m.m.a.RequestMappingHandlerMapping 543 - Mapped "{[/usualsys/main]}" onto public java.lang.String com.hidm.usualsys.controller.LoginController.index(javax.servlet.http.HttpSession)
2018-04-28 16:19:52,182 [main] INFO  o.s.w.s.m.m.a.RequestMappingHandlerMapping 543 - Mapped "{[/usualsys/login]}" onto public java.lang.String com.hidm.usualsys.controller.LoginController.login(javax.servlet.http.HttpSession)
2018-04-28 16:19:52,183 [main] INFO  o.s.w.s.m.m.a.RequestMappingHandlerMapping 543 - Mapped "{[/usualsys/logout]}" onto public java.lang.String com.hidm.usualsys.controller.LoginController.logout(javax.servlet.http.HttpSession)
2018-04-28 16:19:52,184 [main] INFO  o.s.w.s.m.m.a.RequestMappingHandlerMapping 543 - Mapped "{[/usualsys/doLogin]}" onto public java.lang.String com.hidm.usualsys.controller.LoginController.doLogin(java.lang.String,java.lang.String,org.springframework.ui.Model,javax.servlet.http.HttpSession)
2018-04-28 16:19:52,187 [main] INFO  o.s.w.s.m.m.a.RequestMappingHandlerMapping 543 - Mapped "{[/usualsys/usualsystem/add]}" onto public java.lang.String com.hidm.usualsys.controller.UsualSystemController.add(org.springframework.ui.Model,javax.servlet.http.HttpSession)
2018-04-28 16:19:52,189 [main] INFO  o.s.w.s.m.m.a.RequestMappingHandlerMapping 543 - Mapped "{[/usualsys/usualsystem/public/list]}" onto public java.lang.String com.hidm.usualsys.controller.UsualSystemController.list(org.springframework.ui.Model,javax.servlet.http.HttpSession)
2018-04-28 16:19:52,190 [main] INFO  o.s.w.s.m.m.a.RequestMappingHandlerMapping 543 - Mapped "{[/usualsys/usualsystem/public/search]}" onto public java.util.Map<java.lang.String, java.lang.Object> com.hidm.usualsys.controller.UsualSystemController.search(com.hidm.usualsys.entity.UsualSystem,com.hidm.usualsys.vo.PaginationVo,org.springframework.ui.Model,javax.servlet.http.HttpSession)
2018-04-28 16:19:52,191 [main] INFO  o.s.w.s.m.m.a.RequestMappingHandlerMapping 543 - Mapped "{[/usualsys/usualfile/save]}" onto public java.lang.String com.hidm.usualsys.controller.UsualSystemController.saveFile(com.hidm.usualsys.entity.UsualFile,org.springframework.ui.Model,javax.servlet.http.HttpSession)
2018-04-28 16:19:52,192 [main] INFO  o.s.w.s.m.m.a.RequestMappingHandlerMapping 543 - Mapped "{[/usualsys/usualsystem/save]}" onto public java.lang.String com.hidm.usualsys.controller.UsualSystemController.saveSystem(com.hidm.usualsys.entity.UsualSystem,org.springframework.ui.Model,javax.servlet.http.HttpSession)
2018-04-28 16:19:52,193 [main] INFO  o.s.w.s.m.m.a.RequestMappingHandlerMapping 543 - Mapped "{[/usualsys/usualsystem/managefile]}" onto public java.lang.String com.hidm.usualsys.controller.UsualSystemController.manageFile(org.springframework.ui.Model,javax.servlet.http.HttpSession)
2018-04-28 16:19:52,194 [main] INFO  o.s.w.s.m.m.a.RequestMappingHandlerMapping 543 - Mapped "{[/usualsys/usualsystem/managesystem]}" onto public java.lang.String com.hidm.usualsys.controller.UsualSystemController.manageSystem(org.springframework.ui.Model,javax.servlet.http.HttpSession)
2018-04-28 16:19:52,195 [main] INFO  o.s.w.s.m.m.a.RequestMappingHandlerMapping 543 - Mapped "{[/usualsys/usualsystem/delete]}" onto public boolean com.hidm.usualsys.controller.UsualSystemController.deleteSystem(java.lang.Long[],org.springframework.ui.Model,javax.servlet.http.HttpSession)
2018-04-28 16:19:52,196 [main] INFO  o.s.w.s.m.m.a.RequestMappingHandlerMapping 543 - Mapped "{[/usualsys/usualfile/delete]}" onto public boolean com.hidm.usualsys.controller.UsualSystemController.deleteFile(java.lang.Long[],org.springframework.ui.Model,javax.servlet.http.HttpSession)
2018-04-28 16:19:52,197 [main] INFO  o.s.w.s.m.m.a.RequestMappingHandlerMapping 543 - Mapped "{[/usualsys/usualfile/public/search]}" onto public java.util.Map<java.lang.String, java.lang.Object> com.hidm.usualsys.controller.UsualSystemController.searchUsualFile(com.hidm.usualsys.entity.UsualFile,com.hidm.usualsys.vo.PaginationVo,org.springframework.ui.Model,javax.servlet.http.HttpSession)
2018-04-28 16:19:52,201 [main] INFO  o.s.w.s.m.m.a.RequestMappingHandlerMapping 543 - Mapped "{[/error]}" onto public org.springframework.http.ResponseEntity<java.util.Map<java.lang.String, java.lang.Object>> org.springframework.boot.autoconfigure.web.BasicErrorController.error(javax.servlet.http.HttpServletRequest)
2018-04-28 16:19:52,203 [main] INFO  o.s.w.s.m.m.a.RequestMappingHandlerMapping 543 - Mapped "{[/error],produces=[text/html]}" onto public org.springframework.web.servlet.ModelAndView org.springframework.boot.autoconfigure.web.BasicErrorController.errorHtml(javax.servlet.http.HttpServletRequest,javax.servlet.http.HttpServletResponse)
2018-04-28 16:19:52,259 [main] INFO  o.s.w.s.h.SimpleUrlHandlerMapping 362 - Mapped URL path [/webjars/**] onto handler of type [class org.springframework.web.servlet.resource.ResourceHttpRequestHandler]
2018-04-28 16:19:52,260 [main] INFO  o.s.w.s.h.SimpleUrlHandlerMapping 362 - Mapped URL path [/**] onto handler of type [class org.springframework.web.servlet.resource.ResourceHttpRequestHandler]
2018-04-28 16:19:52,335 [main] INFO  o.s.w.s.h.SimpleUrlHandlerMapping 362 - Mapped URL path [/**/favicon.ico] onto handler of type [class org.springframework.web.servlet.resource.ResourceHttpRequestHandler]
2018-04-28 16:19:52,833 [main] INFO  o.s.w.s.v.f.FreeMarkerConfigurer 127 - ClassTemplateLoader for Spring macros added to FreeMarker configuration
2018-04-28 16:19:53,331 [main] INFO  o.s.s.web.DefaultSecurityFilterChain 43 - Creating filter chain: OrRequestMatcher [requestMatchers=[Ant [pattern='/css/**'], Ant [pattern='/js/**'], Ant [pattern='/images/**'], Ant [pattern='/webjars/**'], Ant [pattern='/**/favicon.ico'], Ant [pattern='/error']]], []
2018-04-28 16:19:53,332 [main] INFO  o.s.s.web.DefaultSecurityFilterChain 43 - Creating filter chain: Ant [pattern='/**/*css*/**'], []
2018-04-28 16:19:53,333 [main] INFO  o.s.s.web.DefaultSecurityFilterChain 43 - Creating filter chain: Ant [pattern='/**/*js*/**'], []
2018-04-28 16:19:53,334 [main] INFO  o.s.s.web.DefaultSecurityFilterChain 43 - Creating filter chain: Ant [pattern='/**/*images*/**'], []
2018-04-28 16:19:53,538 [main] INFO  o.s.s.web.DefaultSecurityFilterChain 43 - Creating filter chain: org.springframework.security.web.util.matcher.AnyRequestMatcher@1, [org.springframework.security.web.context.request.async.WebAsyncManagerIntegrationFilter@3f183caa, org.springframework.security.web.context.SecurityContextPersistenceFilter@441b8382, org.springframework.security.web.header.HeaderWriterFilter@306f6f1d, org.springframework.security.web.authentication.logout.LogoutFilter@6242ae3b, org.springframework.security.web.authentication.UsernamePasswordAuthenticationFilter@f1868c9, org.springframework.security.web.authentication.ui.DefaultLoginPageGeneratingFilter@77f68df, org.springframework.security.web.savedrequest.RequestCacheAwareFilter@5349b246, org.springframework.security.web.servletapi.SecurityContextHolderAwareRequestFilter@24841372, org.springframework.security.web.authentication.AnonymousAuthenticationFilter@7b66322e, org.springframework.security.web.session.SessionManagementFilter@6fc6deb7, org.springframework.security.web.access.ExceptionTranslationFilter@7ab4ae59, org.springframework.security.web.access.intercept.FilterSecurityInterceptor@77c233af]
2018-04-28 16:19:53,567 [main] INFO  o.s.s.web.DefaultSecurityFilterChain 43 - Creating filter chain: OrRequestMatcher [requestMatchers=[Ant [pattern='/**']]], [org.springframework.security.web.context.request.async.WebAsyncManagerIntegrationFilter@d5556bf, org.springframework.security.web.context.SecurityContextPersistenceFilter@795f5d51, org.springframework.security.web.header.HeaderWriterFilter@65e0b505, org.springframework.security.web.authentication.logout.LogoutFilter@2274160, org.springframework.security.web.authentication.www.BasicAuthenticationFilter@65383667, org.springframework.security.web.savedrequest.RequestCacheAwareFilter@34aeacd1, org.springframework.security.web.servletapi.SecurityContextHolderAwareRequestFilter@54067fdc, org.springframework.security.web.authentication.AnonymousAuthenticationFilter@791c12e3, org.springframework.security.web.session.SessionManagementFilter@67de7a99, org.springframework.security.web.access.ExceptionTranslationFilter@15eb0ae9, org.springframework.security.web.access.intercept.FilterSecurityInterceptor@5854a18]
2018-04-28 16:19:53,911 [main] INFO  o.s.j.e.a.AnnotationMBeanExporter 431 - Registering beans for JMX exposure on startup
2018-04-28 16:19:53,949 [main] INFO  o.a.coyote.http11.Http11NioProtocol 179 - Initializing ProtocolHandler ["http-nio-8081"]
2018-04-28 16:19:53,992 [main] INFO  o.a.coyote.http11.Http11NioProtocol 179 - Starting ProtocolHandler ["http-nio-8081"]
2018-04-28 16:19:54,012 [main] INFO  o.a.tomcat.util.net.NioSelectorPool 179 - Using a shared selector for servlet write/read
2018-04-28 16:19:54,075 [main] INFO  o.s.b.c.e.t.TomcatEmbeddedServletContainer 201 - Tomcat started on port(s): 8081 (http)
2018-04-28 16:19:54,090 [main] INFO  com.hidm.usualsys.Application 57 - Started Application in 9.903 seconds (JVM running for 10.688)
2018-04-28 16:20:19,773 [http-nio-8081-exec-1] INFO  o.a.c.c.C.[Tomcat].[localhost].[/] 179 - Initializing Spring FrameworkServlet 'dispatcherServlet'
2018-04-28 16:20:19,774 [http-nio-8081-exec-1] INFO  o.s.web.servlet.DispatcherServlet 489 - FrameworkServlet 'dispatcherServlet': initialization started
2018-04-28 16:20:19,827 [http-nio-8081-exec-1] INFO  o.s.web.servlet.DispatcherServlet 508 - FrameworkServlet 'dispatcherServlet': initialization completed in 52 ms
